TN:
SF:src/editor/canvasPrimitives.ts
FN:15,strokeLine
FN:28,fillCircle
FN:34,strokeCircle
FN:40,fillTriangle
FN:54,roundedRectPath
FN:65,drawCrosshair
FNF:6
FNH:6
FNDA:2851,strokeLine
FNDA:30,fillCircle
FNDA:6,strokeCircle
FNDA:3,fillTriangle
FNDA:2,roundedRectPath
FNDA:1,drawCrosshair
DA:22,2851
DA:23,2851
DA:24,2851
DA:25,2851
DA:29,30
DA:30,30
DA:31,30
DA:35,6
DA:36,6
DA:37,6
DA:46,3
DA:47,3
DA:48,3
DA:49,3
DA:50,3
DA:51,3
DA:55,2
DA:56,2
DA:57,2
DA:58,2
DA:59,2
DA:60,2
DA:61,2
DA:62,2
DA:66,1
DA:67,1
DA:68,1
LF:27
LH:27
BRF:0
BRH:0
end_of_record
TN:
SF:src/editor/hitTest.ts
FN:9,pickRadius
FN:14,findNodeAt
FN:31,findNodesInRect
FNF:3
FNH:3
FNDA:5,pickRadius
FNDA:2,findNodeAt
FNDA:1,findNodesInRect
DA:5,1
DA:7,1
DA:10,5
DA:15,2
DA:16,2
DA:17,2
DA:18,2
DA:19,4
DA:20,4
DA:21,4
DA:22,4
DA:23,1
DA:24,1
DA:27,2
DA:32,1
DA:33,1
DA:34,2
DA:35,1
DA:38,1
LF:19
LH:19
BRDA:22,0,0,1
BRDA:22,0,1,3
BRDA:34,1,0,1
BRDA:34,1,1,1
BRDA:34,2,0,2
BRDA:34,2,1,2
BRDA:34,2,2,1
BRDA:34,2,3,1
BRF:8
BRH:8
end_of_record
TN:
SF:src/editor/renderAnnotations.ts
FN:28,drawMarkers
FN:59,drawWorldIcons
FN:95,drawGhost
FN:138,drawAnchor
FN:151,drawRubberBand
FNF:5
FNH:5
FNDA:19,drawMarkers
FNDA:3,drawWorldIcons
FNDA:1,drawGhost
FNDA:1,drawAnchor
FNDA:1,drawRubberBand
DA:29,19
DA:30,15
DA:31,15
DA:32,15
DA:33,15
DA:34,15
DA:36,15
DA:37,2
DA:38,2
DA:39,2
DA:40,2
DA:41,2
DA:43,2
DA:44,2
DA:45,2
DA:46,2
DA:48,1
DA:49,1
DA:50,1
DA:51,1
DA:52,1
DA:53,1
DA:54,1
DA:56,15
DA:64,3
DA:65,3
DA:66,3
DA:68,3
DA:69,3
DA:70,3
DA:71,3
DA:72,3
DA:73,1
DA:74,1
DA:75,1
DA:76,1
DA:77,1
DA:78,1
DA:79,1
DA:83,3
DA:84,2
DA:85,2
DA:86,1
DA:87,1
DA:88,1
DA:89,1
DA:90,1
DA:102,1
DA:103,1
DA:104,1
DA:105,1
DA:106,1
DA:108,1
DA:109,1
DA:117,1
DA:118,1
DA:119,2
DA:123,1
DA:124,1
DA:125,1
DA:126,1
DA:127,1
DA:129,1
DA:130,1
DA:139,1
DA:140,1
DA:142,1
DA:143,1
DA:144,1
DA:145,1
DA:146,1
DA:147,1
DA:148,1
DA:152,1
DA:153,1
DA:154,1
DA:155,1
DA:156,1
DA:157,1
DA:158,1
DA:159,1
DA:160,1
DA:161,1
DA:162,1
LF:84
LH:84
BRDA:29,0,0,4
BRDA:29,0,1,15
BRDA:38,1,0,0
BRDA:38,1,1,2
BRDA:41,2,0,0
BRDA:41,2,1,2
BRDA:46,3,0,1
BRDA:46,3,1,1
BRDA:68,4,0,3
BRDA:68,4,1,0
BRDA:75,5,0,0
BRDA:75,5,1,1
BRDA:79,6,0,1
BRDA:79,6,1,0
BRDA:79,7,0,1
BRDA:79,7,1,1
BRDA:83,8,0,2
BRDA:83,8,1,1
BRDA:88,9,0,0
BRDA:88,9,1,1
BRDA:90,10,0,1
BRDA:90,10,1,0
BRDA:90,11,0,1
BRDA:90,11,1,1
BRDA:123,12,0,1
BRDA:123,12,1,0
BRF:26
BRH:18
end_of_record
TN:
SF:src/editor/renderScene.ts
FN:57,renderScene
FN:85,gridOf
FN:93,drawField
FN:98,drawTerrain
FN:120,drawGrid
FN:153,drawLinks
FN:176,drawLink
FN:192,drawReverseRails
FN:215,drawChevrons
FN:245,drawPendingConnection
FN:270,drawNodes
FN:287,drawNode
FN:323,nodeFill
FN:333,screenSegment
FNF:14
FNH:14
FNDA:19,renderScene
FNDA:19,gridOf
FNDA:19,drawField
FNDA:4,drawTerrain
FNDA:19,drawGrid
FNDA:19,drawLinks
FNDA:7,drawLink
FNDA:1,drawReverseRails
FNDA:4,drawChevrons
FNDA:19,drawPendingConnection
FNDA:19,drawNodes
FNDA:18,drawNode
FNDA:18,nodeFill
FNDA:14,screenSegment
DA:63,19
DA:65,19
DA:66,19
DA:67,4
DA:69,19
DA:70,19
DA:71,3
DA:73,19
DA:74,19
DA:75,19
DA:76,19
DA:77,19
DA:78,19
DA:79,1
DA:81,19
DA:86,19
DA:94,19
DA:95,19
DA:104,4
DA:105,4
DA:109,4
DA:110,4
DA:117,4
DA:126,19
DA:127,18
DA:128,18
DA:129,18
DA:131,17
DA:132,19
DA:134,19
DA:135,19
DA:137,19
DA:138,19
DA:139,1621
DA:140,1621
DA:141,1621
DA:143,17
DA:144,17
DA:145,1209
DA:146,1209
DA:147,1209
DA:154,19
DA:155,19
DA:156,19
DA:159,19
DA:160,19
DA:161,19
DA:162,19
DA:163,7
DA:164,7
DA:166,19
DA:168,19
DA:169,7
DA:170,7
DA:171,7
DA:172,7
DA:177,7
DA:178,7
DA:180,7
DA:181,1
DA:182,1
DA:184,6
DA:185,7
DA:186,7
DA:187,4
DA:199,1
DA:200,1
DA:201,1
DA:202,1
DA:203,0
DA:205,1
DA:206,1
DA:207,1
DA:208,1
DA:209,1
DA:211,1
DA:222,4
DA:223,4
DA:224,4
DA:225,4
DA:226,4
DA:228,4
DA:229,4
DA:230,4
DA:231,4
DA:232,4
DA:233,4
DA:234,12
DA:235,12
DA:236,12
DA:237,12
DA:238,12
DA:239,12
DA:240,12
DA:242,4
DA:251,19
DA:252,1
DA:253,1
DA:255,1
DA:256,1
DA:257,1
DA:258,1
DA:265,1
DA:271,19
DA:272,19
DA:274,19
DA:275,18
DA:276,18
DA:278,18
DA:294,18
DA:297,18
DA:298,1
DA:299,1
DA:301,17
DA:302,17
DA:304,11
DA:305,11
DA:309,18
DA:310,3
DA:311,3
DA:312,3
DA:314,18
DA:315,1
DA:316,1
DA:317,1
DA:318,1
DA:319,1
DA:324,18
DA:325,16
DA:326,15
DA:339,14
DA:340,14
DA:341,14
DA:342,14
DA:343,14
DA:344,14
DA:345,14
LF:137
LH:136
BRDA:66,0,0,4
BRDA:66,0,1,15
BRDA:66,1,0,19
BRDA:66,1,1,4
BRDA:70,2,0,3
BRDA:70,2,1,16
BRDA:70,3,0,19
BRDA:70,3,1,4
BRDA:70,3,2,4
BRDA:75,4,0,1
BRDA:75,4,1,18
BRDA:78,5,0,1
BRDA:78,5,1,18
BRDA:78,6,0,19
BRDA:78,6,1,1
BRDA:81,7,0,1
BRDA:81,7,1,18
BRDA:94,8,0,1
BRDA:94,8,1,18
BRDA:126,9,0,1
BRDA:126,9,1,18
BRDA:129,10,0,1
BRDA:129,10,1,17
BRDA:131,11,0,1
BRDA:131,11,1,16
BRDA:132,12,0,1
BRDA:132,12,1,16
BRDA:134,13,0,14
BRDA:134,13,1,3
BRDA:139,14,0,361
BRDA:139,14,1,1260
BRDA:145,15,0,257
BRDA:145,15,1,952
BRDA:164,16,0,7
BRDA:164,16,1,0
BRDA:170,17,0,0
BRDA:170,17,1,7
BRDA:171,18,0,7
BRDA:171,18,1,1
BRDA:171,18,2,1
BRDA:178,19,0,1
BRDA:178,19,1,6
BRDA:180,20,0,1
BRDA:180,20,1,6
BRDA:184,21,0,1
BRDA:184,21,1,5
BRDA:186,22,0,4
BRDA:186,22,1,3
BRDA:186,23,0,7
BRDA:186,23,1,5
BRDA:202,24,0,0
BRDA:202,24,1,1
BRDA:205,25,0,1
BRDA:205,25,1,0
BRDA:226,26,0,0
BRDA:226,26,1,4
BRDA:251,27,0,18
BRDA:251,27,1,1
BRDA:251,28,0,19
BRDA:251,28,1,1
BRDA:253,29,0,0
BRDA:253,29,1,1
BRDA:272,30,0,19
BRDA:272,30,1,14
BRDA:276,31,0,0
BRDA:276,31,1,18
BRDA:280,32,0,18
BRDA:280,32,1,16
BRDA:297,33,0,1
BRDA:297,33,1,17
BRDA:302,34,0,11
BRDA:302,34,1,6
BRDA:302,35,0,17
BRDA:302,35,1,14
BRDA:302,35,2,13
BRDA:309,36,0,3
BRDA:309,36,1,15
BRDA:309,37,0,18
BRDA:309,37,1,17
BRDA:310,38,0,2
BRDA:310,38,1,1
BRDA:314,39,0,1
BRDA:314,39,1,17
BRDA:324,40,0,2
BRDA:324,40,1,16
BRDA:325,41,0,1
BRDA:325,41,1,15
BRDA:326,42,0,1
BRDA:326,42,1,14
BRDA:341,43,0,0
BRDA:341,43,1,14
BRDA:341,44,0,14
BRDA:341,44,1,14
BRDA:344,45,0,0
BRDA:344,45,1,14
BRDA:344,46,0,14
BRDA:344,46,1,0
BRF:97
BRH:87
end_of_record
TN:
SF:src/editor/shortcuts.ts
FN:16,handleShortcut
FN:21,handleModified
FN:45,handlePlain
FN:64,(anonymous_3)
FN:70,selectToolByNumber
FN:73,(anonymous_5)
FN:81,rotatePlacement
FN:82,(anonymous_7)
FN:88,isTypingTarget
FNF:9
FNH:9
FNDA:19,handleShortcut
FNDA:6,handleModified
FNDA:11,handlePlain
FNDA:1,(anonymous_3)
FNDA:5,selectToolByNumber
FNDA:2,(anonymous_5)
FNDA:2,rotatePlacement
FNDA:2,(anonymous_7)
FNDA:19,isTypingTarget
DA:8,1
DA:9,1
DA:17,19
DA:18,17
DA:22,6
DA:24,3
DA:25,2
DA:26,3
DA:28,1
DA:29,1
DA:31,0
DA:32,0
DA:33,0
DA:35,0
DA:36,0
DA:38,1
DA:39,1
DA:41,1
DA:46,11
DA:47,2
DA:48,1
DA:49,1
DA:51,9
DA:52,1
DA:53,1
DA:55,8
DA:56,2
DA:57,2
DA:59,6
DA:60,0
DA:61,0
DA:63,6
DA:64,1
DA:65,1
DA:67,5
DA:71,5
DA:72,5
DA:73,2
DA:74,2
DA:75,2
DA:76,2
DA:78,2
DA:82,2
DA:83,2
DA:84,2
DA:89,19
LF:46
LH:39
BRDA:17,0,0,2
BRDA:17,0,1,17
BRDA:18,1,0,6
BRDA:18,1,1,11
BRDA:18,2,0,17
BRDA:18,2,1,11
BRDA:22,3,0,3
BRDA:22,3,1,1
BRDA:22,3,2,0
BRDA:22,3,3,0
BRDA:22,3,4,1
BRDA:22,3,5,1
BRDA:24,4,0,1
BRDA:24,4,1,2
BRDA:31,5,0,0
BRDA:31,5,1,0
BRDA:35,6,0,0
BRDA:35,6,1,0
BRDA:46,7,0,2
BRDA:46,7,1,9
BRDA:46,8,0,11
BRDA:46,8,1,9
BRDA:47,9,0,1
BRDA:47,9,1,1
BRDA:51,10,0,1
BRDA:51,10,1,8
BRDA:55,11,0,2
BRDA:55,11,1,6
BRDA:55,12,0,8
BRDA:55,12,1,3
BRDA:56,13,0,1
BRDA:56,13,1,1
BRDA:59,14,0,0
BRDA:59,14,1,6
BRDA:63,15,0,1
BRDA:63,15,1,5
BRDA:72,16,0,3
BRDA:72,16,1,2
BRDA:72,17,0,5
BRDA:72,17,1,3
BRDA:72,17,2,3
BRDA:83,18,0,0
BRDA:83,18,1,2
BRDA:90,19,0,19
BRDA:90,19,1,18
BRDA:90,19,2,18
BRF:46
BRH:38
end_of_record
TN:
SF:src/editor/theme.ts
FN:70,nodeRadius
FN:75,linkWidth
FN:80,casingWidth
FN:85,chevronSpacing
FN:89,clamp
FNF:5
FNH:5
FNDA:39,nodeRadius
FNDA:51,linkWidth
FNDA:21,casingWidth
FNDA:7,chevronSpacing
FNDA:90,clamp
DA:10,1
DA:35,1
DA:41,1
DA:42,1
DA:45,1
DA:63,1
DA:66,1
DA:67,1
DA:71,39
DA:76,51
DA:81,21
DA:86,7
DA:90,90
LF:13
LH:13
BRF:0
BRH:0
end_of_record
TN:
SF:src/editor/viewport.ts
FN:20,createViewport
FN:27,(anonymous_1)
FN:28,(anonymous_2)
FN:29,(anonymous_3)
FN:30,(anonymous_4)
FN:31,(anonymous_5)
FN:37,zoomAt
FN:50,clampScale
FN:62,worldRectFromScreen
FNF:9
FNH:9
FNDA:15,createViewport
FNDA:1688,(anonymous_1)
FNDA:1274,(anonymous_2)
FNDA:39,(anonymous_3)
FNDA:39,(anonymous_4)
FNDA:40,(anonymous_5)
FNDA:3,zoomAt
FNDA:4,clampScale
FNDA:2,worldRectFromScreen
DA:21,15
DA:22,15
DA:23,15
DA:27,1688
DA:28,1274
DA:29,39
DA:30,39
DA:32,40
DA:38,3
DA:39,3
DA:40,3
DA:47,2
DA:48,2
DA:51,4
DA:69,2
DA:70,2
DA:71,2
DA:72,2
DA:73,2
LF:19
LH:19
BRDA:31,0,0,40
BRDA:32,1,0,40
BRDA:32,1,1,39
BRDA:32,1,2,39
BRDA:32,1,3,39
BRF:5
BRH:5
end_of_record
TN:
SF:src/model/background.ts
FN:37,buildBackground
FN:57,terrainHeightAt
FN:62,nodeHeightAt
FN:76,readTypeLayer
FNF:4
FNH:4
FNDA:5,buildBackground
FNDA:4,terrainHeightAt
FNDA:36,nodeHeightAt
FNDA:4,readTypeLayer
DA:38,5
DA:39,4
DA:40,0
DA:42,4
DA:43,4
DA:45,4
DA:58,4
DA:68,36
DA:69,2
DA:70,2
DA:72,35
DA:77,4
DA:78,2
DA:79,2
DA:81,1
LF:15
LH:14
BRDA:39,0,0,0
BRDA:39,0,1,4
BRDA:49,1,0,1
BRDA:49,1,1,3
BRDA:50,2,0,1
BRDA:50,2,1,3
BRDA:51,3,0,0
BRDA:51,3,1,4
BRDA:68,4,0,2
BRDA:68,4,1,34
BRDA:70,5,0,1
BRDA:70,5,1,1
BRDA:77,6,0,2
BRDA:77,6,1,2
BRDA:77,7,0,4
BRDA:77,7,1,2
BRF:16
BRH:14
end_of_record
TN:
SF:src/model/blueprint.ts
FN:14,captureBlueprint
FN:21,(anonymous_1)
FN:22,(anonymous_2)
FN:23,(anonymous_3)
FN:27,(anonymous_4)
FN:33,(anonymous_5)
FN:41,(anonymous_6)
FN:42,(anonymous_7)
FN:50,captureOrigin
FN:70,captureEdges
FN:100,placedPositions
FN:103,(anonymous_11)
FN:110,stampBlueprint
FN:113,(anonymous_13)
FN:129,(anonymous_14)
FN:145,blueprintToNetwork
FN:162,isBlueprint
FN:174,round3
FNF:18
FNH:18
FNDA:24,captureBlueprint
FNDA:48,(anonymous_1)
FNDA:48,(anonymous_2)
FNDA:25,(anonymous_3)
FNDA:48,(anonymous_4)
FNDA:48,(anonymous_5)
FNDA:10,(anonymous_6)
FNDA:9,(anonymous_7)
FNDA:23,captureOrigin
FNDA:23,captureEdges
FNDA:8,placedPositions
FNDA:21,(anonymous_11)
FNDA:5,stampBlueprint
FNDA:14,(anonymous_13)
FNDA:1,(anonymous_14)
FNDA:2,blueprintToNetwork
FNDA:3,isBlueprint
FNDA:144,round3
DA:20,24
DA:21,48
DA:22,48
DA:23,25
DA:24,24
DA:26,23
DA:27,48
DA:29,23
DA:33,48
DA:41,10
DA:42,9
DA:54,23
DA:55,23
DA:56,23
DA:57,23
DA:58,48
DA:59,48
DA:60,48
DA:62,23
DA:75,23
DA:76,23
DA:77,48
DA:78,30
DA:79,29
DA:80,29
DA:81,29
DA:82,20
DA:89,23
DA:101,8
DA:102,8
DA:103,21
DA:111,5
DA:112,5
DA:113,5
DA:114,14
DA:123,14
DA:124,14
DA:126,5
DA:127,8
DA:129,5
DA:130,5
DA:131,4
DA:132,4
DA:133,4
DA:134,4
DA:135,4
DA:136,4
DA:138,5
DA:146,2
DA:147,2
DA:148,2
DA:149,5
DA:150,5
DA:151,5
DA:153,2
DA:154,2
DA:155,1
DA:156,1
DA:158,2
DA:163,3
DA:164,2
DA:165,2
DA:175,144
LF:63
LH:63
BRDA:24,0,0,1
BRDA:24,0,1,23
BRDA:63,1,0,10
BRDA:63,1,1,13
BRDA:65,2,0,10
BRDA:65,2,1,13
BRDA:78,3,0,1
BRDA:78,3,1,29
BRDA:81,4,0,9
BRDA:81,4,1,20
BRDA:81,5,0,29
BRDA:81,5,1,18
BRDA:85,6,0,9
BRDA:85,6,1,11
BRDA:85,7,0,11
BRDA:85,7,1,0
BRDA:136,8,0,3
BRDA:136,8,1,1
BRDA:156,9,0,1
BRDA:156,9,1,0
BRDA:163,10,0,1
BRDA:163,10,1,2
BRDA:163,11,0,3
BRDA:163,11,1,3
BRDA:166,12,0,2
BRDA:166,12,1,1
BRDA:166,12,2,1
BRDA:166,12,3,1
BRDA:166,12,4,1
BRF:29
BRH:27
end_of_record
TN:
SF:src/model/errors.ts
FN:2,errorMessage
FNF:1
FNH:0
FNDA:0,errorMessage
DA:3,0
DA:4,0
DA:5,0
LF:3
LH:0
BRDA:3,0,0,0
BRDA:3,0,1,0
BRDA:4,1,0,0
BRDA:4,1,1,0
BRF:4
BRH:0
end_of_record
TN:
SF:src/model/graph.ts
FN:4,pushUnique
FN:8,remove
FN:13,addWaypoint
FN:35,deletionImpact
FN:56,(anonymous_4)
FN:59,(anonymous_5)
FN:59,(anonymous_6)
FN:63,deleteWaypoints
FN:67,(anonymous_8)
FN:68,(anonymous_9)
FN:70,(anonymous_10)
FN:74,disconnect
FN:90,connect
FN:104,connectionBetween
FN:120,cycleConnection
FN:130,allEdges
FN:148,setFlagOn
FN:156,moveWaypoints
FN:166,estimateY
FN:186,connectAcrossGrid
FN:204,(anonymous_20)
FN:217,(anonymous_21)
FN:238,insertMidpoint
FN:254,orderAsChain
FN:271,(anonymous_24)
FN:276,(anonymous_25)
FN:285,evenlySpaceChain
FN:287,(anonymous_27)
FN:319,smoothCurve
FN:339,(anonymous_29)
FN:340,(anonymous_30)
FNF:31
FNH:30
FNDA:364,pushUnique
FNDA:676,remove
FNDA:248,addWaypoint
FNDA:16,deletionImpact
FNDA:60,(anonymous_4)
FNDA:2,(anonymous_5)
FNDA:2,(anonymous_6)
FNDA:8,deleteWaypoints
FNDA:6,(anonymous_8)
FNDA:7,(anonymous_9)
FNDA:3,(anonymous_10)
FNDA:169,disconnect
FNDA:157,connect
FNDA:49,connectionBetween
FNDA:10,cycleConnection
FNDA:20,allEdges
FNDA:4,setFlagOn
FNDA:0,moveWaypoints
FNDA:37,estimateY
FNDA:9,connectAcrossGrid
FNDA:12,(anonymous_20)
FNDA:29,(anonymous_21)
FNDA:4,insertMidpoint
FNDA:5,orderAsChain
FNDA:10,(anonymous_24)
FNDA:4,(anonymous_25)
FNDA:2,evenlySpaceChain
FNDA:6,(anonymous_27)
FNDA:4,smoothCurve
FNDA:4,(anonymous_29)
FNDA:1,(anonymous_30)
DA:5,364
DA:9,676
DA:10,676
DA:14,248
DA:15,248
DA:16,248
DA:36,16
DA:37,16
DA:38,16
DA:40,16
DA:41,60
DA:42,60
DA:43,59
DA:44,59
DA:45,335
DA:47,59
DA:48,91
DA:49,91
DA:50,91
DA:51,91
DA:55,16
DA:56,60
DA:59,2
DA:64,8
DA:65,26
DA:66,8
DA:67,7
DA:68,7
DA:70,8
DA:75,169
DA:76,169
DA:77,169
DA:78,169
DA:79,169
DA:80,169
DA:81,169
DA:91,157
DA:92,156
DA:93,156
DA:94,156
DA:95,155
DA:96,155
DA:97,155
DA:98,155
DA:99,31
DA:100,31
DA:105,49
DA:106,49
DA:107,49
DA:108,48
DA:109,48
DA:110,48
DA:111,41
DA:112,19
DA:113,12
DA:121,10
DA:122,10
DA:123,9
DA:124,6
DA:125,4
DA:126,2
DA:131,20
DA:132,20
DA:133,21
DA:134,11
DA:135,11
DA:136,11
DA:137,11
DA:138,9
DA:145,20
DA:149,4
DA:150,8
DA:151,8
DA:152,8
DA:157,0
DA:158,0
DA:159,0
DA:160,0
DA:161,0
DA:167,37
DA:168,37
DA:169,37
DA:170,17
DA:171,17
DA:172,16
DA:173,16
DA:176,37
DA:193,9
DA:194,9
DA:195,9
DA:198,6
DA:200,6
DA:201,6
DA:202,6
DA:204,6
DA:205,12
DA:206,7
DA:207,7
DA:208,7
DA:209,7
DA:210,38
DA:211,38
DA:214,6
DA:215,6
DA:217,29
DA:219,6
DA:220,6
DA:221,6
DA:222,26
DA:225,6
DA:226,6
DA:227,6
DA:228,22
DA:229,22
DA:230,22
DA:231,22
DA:233,6
DA:234,6
DA:239,4
DA:240,4
DA:241,2
DA:242,2
DA:243,2
DA:244,2
DA:245,2
DA:246,2
DA:247,2
DA:255,5
DA:256,3
DA:257,3
DA:258,10
DA:259,10
DA:260,10
DA:261,10
DA:262,10
DA:264,10
DA:265,34
DA:266,34
DA:268,10
DA:269,10
DA:271,10
DA:272,3
DA:273,2
DA:274,2
DA:275,2
DA:276,4
DA:277,4
DA:278,4
DA:279,4
DA:281,2
DA:286,2
DA:287,6
DA:288,2
DA:289,2
DA:290,2
DA:291,4
DA:292,4
DA:293,4
DA:295,2
DA:296,2
DA:297,2
DA:298,2
DA:299,2
DA:300,2
DA:301,2
DA:302,2
DA:304,2
DA:305,2
DA:306,2
DA:307,2
DA:308,2
DA:309,2
DA:310,2
DA:326,4
DA:327,4
DA:328,4
DA:331,2
DA:333,2
DA:339,2
DA:340,4
DA:341,4
DA:342,4
DA:343,1
DA:344,1
DA:345,1
DA:346,1
DA:347,1
DA:348,1
DA:349,1
DA:350,1
DA:351,1
DA:354,3
DA:357,2
DA:358,2
DA:360,2
DA:361,2
DA:362,2
DA:363,8
DA:364,8
DA:365,8
DA:366,8
DA:367,8
DA:368,8
DA:369,8
DA:370,8
DA:371,8
DA:372,8
DA:373,8
DA:374,8
DA:375,8
DA:376,8
DA:378,2
DA:379,2
LF:213
LH:208
BRDA:5,0,0,364
BRDA:5,0,1,0
BRDA:10,1,0,39
BRDA:10,1,1,637
BRDA:13,2,0,248
BRDA:42,3,0,1
BRDA:42,3,1,59
BRDA:45,4,0,47
BRDA:45,4,1,288
BRDA:48,5,0,0
BRDA:48,5,1,91
BRDA:48,6,0,91
BRDA:48,6,1,91
BRDA:49,7,0,46
BRDA:49,7,1,45
BRDA:51,8,0,3
BRDA:51,8,1,88
BRDA:77,9,0,0
BRDA:77,9,1,169
BRDA:77,10,0,169
BRDA:77,10,1,169
BRDA:91,11,0,1
BRDA:91,11,1,156
BRDA:94,12,0,1
BRDA:94,12,1,155
BRDA:94,13,0,156
BRDA:94,13,1,156
BRDA:97,14,0,147
BRDA:97,14,1,8
BRDA:97,15,0,155
BRDA:97,15,1,39
BRDA:98,16,0,31
BRDA:98,16,1,124
BRDA:107,17,0,1
BRDA:107,17,1,48
BRDA:107,18,0,49
BRDA:107,18,1,49
BRDA:110,19,0,7
BRDA:110,19,1,41
BRDA:110,20,0,48
BRDA:110,20,1,29
BRDA:111,21,0,22
BRDA:111,21,1,19
BRDA:111,22,0,12
BRDA:111,22,1,10
BRDA:112,23,0,7
BRDA:112,23,1,12
BRDA:112,24,0,7
BRDA:112,24,1,0
BRDA:122,25,0,1
BRDA:122,25,1,9
BRDA:123,26,0,3
BRDA:123,26,1,6
BRDA:123,27,0,9
BRDA:123,27,1,5
BRDA:124,28,0,2
BRDA:124,28,1,4
BRDA:125,29,0,2
BRDA:125,29,1,2
BRDA:135,30,0,0
BRDA:135,30,1,11
BRDA:137,31,0,2
BRDA:137,31,1,9
BRDA:137,32,0,11
BRDA:137,32,1,4
BRDA:141,33,0,2
BRDA:141,33,1,7
BRDA:141,34,0,6
BRDA:141,34,1,1
BRDA:151,35,0,0
BRDA:151,35,1,8
BRDA:152,36,0,4
BRDA:152,36,1,4
BRDA:159,37,0,0
BRDA:159,37,1,0
BRDA:171,38,0,16
BRDA:171,38,1,1
BRDA:195,39,0,3
BRDA:195,39,1,6
BRDA:195,40,0,9
BRDA:195,40,1,9
BRDA:195,40,2,8
BRDA:195,40,3,6
BRDA:205,41,0,5
BRDA:205,41,1,7
BRDA:211,42,0,26
BRDA:211,42,1,12
BRDA:211,43,0,38
BRDA:211,43,1,32
BRDA:222,44,0,22
BRDA:222,44,1,4
BRDA:222,45,0,26
BRDA:222,45,1,20
BRDA:240,46,0,2
BRDA:240,46,1,2
BRDA:255,47,0,2
BRDA:255,47,1,3
BRDA:259,48,0,0
BRDA:259,48,1,10
BRDA:261,49,0,7
BRDA:261,49,1,0
BRDA:262,50,0,7
BRDA:262,50,1,0
BRDA:266,51,0,7
BRDA:266,51,1,27
BRDA:266,52,0,34
BRDA:266,52,1,34
BRDA:272,53,0,1
BRDA:272,53,1,2
BRDA:277,54,0,0
BRDA:277,54,1,4
BRDA:286,55,0,0
BRDA:286,55,1,2
BRDA:295,56,0,0
BRDA:295,56,1,2
BRDA:300,57,0,2
BRDA:300,57,1,2
BRDA:304,58,0,0
BRDA:304,58,1,2
BRDA:328,59,0,2
BRDA:328,59,1,2
BRDA:328,60,0,4
BRDA:328,60,1,4
BRDA:328,60,2,3
BRDA:340,61,0,1
BRDA:340,61,1,1
BRDA:341,62,0,4
BRDA:341,62,1,0
BRDA:344,63,0,0
BRDA:344,63,1,1
BRDA:346,64,0,0
BRDA:346,64,1,1
BRDA:347,65,0,0
BRDA:347,65,1,1
BRDA:349,66,0,0
BRDA:349,66,1,1
BRDA:350,67,0,1
BRDA:350,67,1,0
BRF:138
BRH:117
end_of_record
TN:
SF:src/model/grid.ts
FN:15,snapTo
FN:24,wrapOffset
FN:31,offsetForPosition
FN:36,firstLineAtOrAfter
FN:41,isMajorLine
FN:45,round
FNF:6
FNH:6
FNDA:19,snapTo
FNDA:13,wrapOffset
FNDA:2,offsetForPosition
FNDA:37,firstLineAtOrAfter
FNDA:2836,isMajorLine
FNDA:11,round
DA:16,19
DA:17,15
DA:25,13
DA:26,11
DA:27,11
DA:32,2
DA:37,37
DA:42,2836
DA:46,11
LF:9
LH:9
BRDA:16,0,0,4
BRDA:16,0,1,15
BRDA:25,1,0,2
BRDA:25,1,1,11
BRDA:25,2,0,13
BRDA:25,2,1,12
BRDA:27,3,0,4
BRDA:27,3,1,7
BRF:8
BRH:8
end_of_record
TN:
SF:src/model/png16.ts
FN:16,decodeGray16Png
FN:23,assertPngSignature
FN:35,readChunks
FN:59,readHeader
FN:71,unfilter
FN:94,applyFilter
FN:122,paeth
FN:131,concat
FN:132,(anonymous_8)
FN:147,inflate
FN:149,start
FNF:11
FNH:11
FNDA:7,decodeGray16Png
FNDA:7,assertPngSignature
FNDA:6,readChunks
FNDA:6,readHeader
FNDA:5,unfilter
FNDA:10245,applyFilter
FNDA:3524280,paeth
FNDA:11,concat
FNDA:2580,(anonymous_8)
FNDA:6,inflate
FNDA:6,start
DA:13,6
DA:14,6
DA:17,7
DA:18,7
DA:19,7
DA:20,5
DA:24,7
DA:25,49
DA:36,6
DA:37,6
DA:38,6
DA:39,6
DA:40,6
DA:42,6
DA:43,41
DA:44,41
DA:45,41
DA:46,6
DA:47,35
DA:48,15
DA:49,20
DA:50,5
DA:52,36
DA:55,6
DA:56,6
DA:60,6
DA:61,6
DA:62,6
DA:63,6
DA:64,0
DA:66,6
DA:67,6
DA:72,5
DA:73,5
DA:75,5
DA:76,5
DA:77,5
DA:79,5
DA:80,10245
DA:81,10245
DA:82,10245
DA:83,10245
DA:85,10245
DA:86,20992005
DA:88,10245
DA:90,5
DA:95,10245
DA:97,0
DA:99,20480
DA:100,5
DA:102,38439240
DA:103,9380
DA:105,0
DA:106,0
DA:107,0
DA:109,0
DA:111,860
DA:112,3524280
DA:113,3524280
DA:114,3524280
DA:116,860
DA:118,0
DA:123,3524280
DA:124,3524280
DA:125,3524280
DA:126,3524280
DA:127,3524280
DA:128,6635
DA:132,2580
DA:133,11
DA:134,11
DA:135,11
DA:136,2580
DA:137,2580
DA:139,11
DA:148,6
DA:150,6
DA:151,6
DA:155,6
DA:158,6
DA:160,6
DA:161,6
DA:162,2571
DA:163,2570
DA:164,2565
DA:166,5
LF:86
LH:79
BRDA:25,0,0,1
BRDA:25,0,1,48
BRDA:45,1,0,6
BRDA:45,1,1,35
BRDA:47,2,0,15
BRDA:47,2,1,20
BRDA:49,3,0,5
BRDA:49,3,1,15
BRDA:55,4,0,0
BRDA:55,4,1,6
BRDA:55,5,0,6
BRDA:55,5,1,6
BRDA:63,6,0,0
BRDA:63,6,1,6
BRDA:63,7,0,6
BRDA:63,7,1,6
BRDA:66,8,0,0
BRDA:66,8,1,6
BRDA:73,9,0,0
BRDA:73,9,1,5
BRDA:95,10,0,0
BRDA:95,10,1,5
BRDA:95,10,2,9380
BRDA:95,10,3,0
BRDA:95,10,4,860
BRDA:95,10,5,0
BRDA:106,11,0,0
BRDA:106,11,1,0
BRDA:112,12,0,3522560
BRDA:112,12,1,1720
BRDA:113,13,0,3522560
BRDA:113,13,1,1720
BRDA:127,14,0,3517645
BRDA:127,14,1,6635
BRDA:127,15,0,3524280
BRDA:127,15,1,3517705
BRDA:128,16,0,6575
BRDA:128,16,1,60
BRDA:163,17,0,5
BRDA:163,17,1,2565
BRF:40
BRH:31
end_of_record
TN:
SF:src/model/savegameXml.ts
FN:10,parseMapTitle
FN:20,parseWorldIcons
FN:33,iconLabel
FN:45,parseVector3
FN:48,(anonymous_4)
FNF:5
FNH:5
FNDA:3,parseMapTitle
FNDA:5,parseWorldIcons
FNDA:3,iconLabel
FNDA:6,parseVector3
FNDA:10,(anonymous_4)
DA:11,3
DA:12,3
DA:21,5
DA:22,5
DA:23,4
DA:24,4
DA:25,6
DA:26,6
DA:27,6
DA:28,3
DA:30,4
DA:34,3
DA:35,3
DA:36,3
DA:37,3
DA:46,6
DA:47,5
DA:48,10
DA:49,3
LF:19
LH:19
BRDA:12,0,0,2
BRDA:12,0,1,1
BRDA:22,1,0,1
BRDA:22,1,1,4
BRDA:25,2,0,4
BRDA:25,2,1,2
BRDA:27,3,0,3
BRDA:27,3,1,3
BRDA:35,4,0,0
BRDA:35,4,1,3
BRDA:36,5,0,3
BRDA:36,5,1,0
BRDA:38,6,0,3
BRDA:38,6,1,0
BRDA:46,7,0,1
BRDA:46,7,1,5
BRDA:48,8,0,2
BRDA:48,8,1,3
BRDA:48,9,0,5
BRDA:48,9,1,4
BRF:20
BRH:17
end_of_record
TN:
SF:src/model/terrain.ts
FN:22,createHeightfield
FN:30,heightAt
FN:44,(anonymous_2)
FN:55,heightRange
FNF:4
FNH:4
FNDA:8,createHeightfield
FNDA:8,heightAt
FNDA:20,(anonymous_2)
FNDA:6,heightRange
DA:10,6
DA:11,6
DA:23,8
DA:24,1
DA:26,7
DA:31,8
DA:32,8
DA:33,8
DA:34,8
DA:36,5
DA:37,5
DA:38,5
DA:39,5
DA:40,5
DA:41,5
DA:42,5
DA:44,20
DA:45,5
DA:46,5
DA:47,5
DA:56,6
DA:57,6
DA:58,6
DA:59,16793617
DA:60,16793617
DA:62,6
LF:26
LH:26
BRDA:23,0,0,1
BRDA:23,0,1,7
BRDA:23,1,0,8
BRDA:23,1,1,7
BRDA:34,2,0,3
BRDA:34,2,1,5
BRDA:34,3,0,8
BRDA:34,3,1,8
BRDA:34,3,2,8
BRDA:34,3,3,5
BRDA:59,4,0,18
BRDA:59,4,1,16793599
BRDA:60,5,0,36
BRDA:60,5,1,16793581
BRF:14
BRH:14
end_of_record
TN:
SF:src/model/terrainImage.ts
FN:26,renderTerrainImage
FN:57,hillshade
FN:58,(anonymous_2)
FN:69,elevationTint
FN:79,toCanvas
FNF:5
FNH:5
FNDA:6,renderTerrainImage
FNDA:12595215,hillshade
FNDA:37785645,(anonymous_2)
FNDA:12595207,elevationTint
FNDA:4,toCanvas
DA:18,6
DA:20,6
DA:21,6
DA:23,6
DA:24,6
DA:27,6
DA:28,6
DA:29,6
DA:31,6
DA:32,6
DA:33,6
DA:35,6
DA:37,6
DA:38,6153
DA:39,6153
DA:40,12595215
DA:41,12595215
DA:43,12595215
DA:47,12595215
DA:48,12595215
DA:49,12595215
DA:50,12595215
DA:51,12595215
DA:54,6
DA:58,37785645
DA:59,12595215
DA:60,12595215
DA:62,12595215
DA:63,12595215
DA:64,12595215
DA:65,12595215
DA:66,12595215
DA:70,12595207
DA:71,12595207
DA:80,4
DA:81,4
DA:82,4
DA:83,4
DA:84,4
DA:85,4
DA:86,4
LF:41
LH:41
BRDA:27,0,0,2
BRDA:27,0,1,4
BRDA:28,1,0,2
BRDA:28,1,1,4
BRDA:43,2,0,8
BRDA:43,2,1,12595207
BRDA:43,3,0,12595215
BRDA:43,3,1,8
BRDA:84,4,0,0
BRDA:84,4,1,4
BRF:10
BRH:9
end_of_record
TN:
SF:src/model/terrainTypes.ts
FN:20,parseTerrainTypeCache
FN:63,buildTypePalette
FN:68,(anonymous_2)
FN:71,(anonymous_3)
FN:78,countIndices
FN:85,groupConsecutive
FN:86,(anonymous_6)
FN:96,coverage
FN:97,(anonymous_8)
FNF:9
FNH:9
FNDA:7,parseTerrainTypeCache
FNDA:5,buildTypePalette
FNDA:10,(anonymous_2)
FNDA:13,(anonymous_3)
FNDA:5,countIndices
FNDA:5,groupConsecutive
FNDA:14,(anonymous_6)
FNDA:20,coverage
FNDA:22,(anonymous_8)
DA:11,6
DA:21,7
DA:22,6
DA:23,6
DA:24,6
DA:25,2
DA:27,4
DA:28,4
DA:29,1
DA:31,3
DA:32,3
DA:33,12
DA:35,3
DA:41,6
DA:64,5
DA:65,5
DA:68,10
DA:70,5
DA:71,5
DA:72,13
DA:73,15
DA:75,5
DA:79,5
DA:80,27
DA:81,5
DA:86,14
DA:87,5
DA:88,5
DA:89,15
DA:90,15
DA:91,13
DA:93,5
DA:97,22
LF:33
LH:33
BRDA:21,0,0,1
BRDA:21,0,1,6
BRDA:24,1,0,2
BRDA:24,1,1,4
BRDA:28,2,0,1
BRDA:28,2,1,3
BRDA:28,3,0,4
BRDA:28,3,1,4
BRDA:28,3,2,4
BRDA:80,4,0,27
BRDA:80,4,1,15
BRDA:89,5,0,10
BRDA:89,5,1,5
BRDA:90,6,0,2
BRDA:90,6,1,13
BRDA:90,7,0,15
BRDA:90,7,1,10
BRDA:97,8,0,22
BRDA:97,8,1,0
BRF:19
BRH:18
end_of_record
TN:
SF:src/model/types.ts
FN:58,emptyNetwork
FNF:1
FNH:1
FNDA:164,emptyNetwork
DA:2,13
DA:3,13
DA:4,13
DA:5,13
DA:59,164
LF:5
LH:5
BRF:0
BRH:0
end_of_record
TN:
SF:src/model/updates.ts
FN:28,compareVersions
FN:39,comparePrerelease
FN:54,compareIdentifier
FN:64,asNumber
FN:68,parseVersion
FN:72,(anonymous_5)
FN:85,pickLatest
FN:86,(anonymous_7)
FN:88,(anonymous_8)
FN:92,assetForPlatform
FN:94,(anonymous_10)
FNF:11
FNH:11
FNDA:16,compareVersions
FNDA:11,comparePrerelease
FNDA:9,compareIdentifier
FNDA:18,asNumber
FNDA:32,parseVersion
FNDA:92,(anonymous_5)
FNDA:4,pickLatest
FNDA:5,(anonymous_7)
FNDA:3,(anonymous_8)
FNDA:3,assetForPlatform
FNDA:5,(anonymous_10)
DA:29,16
DA:30,16
DA:32,16
DA:33,45
DA:35,11
DA:40,11
DA:41,7
DA:42,6
DA:44,6
DA:46,10
DA:47,9
DA:48,9
DA:49,9
DA:51,0
DA:55,9
DA:56,9
DA:58,9
DA:59,6
DA:60,5
DA:61,5
DA:65,18
DA:69,32
DA:70,32
DA:71,32
DA:72,32
DA:73,92
DA:74,92
DA:76,32
DA:77,32
DA:86,5
DA:87,4
DA:88,3
DA:93,3
DA:94,5
LF:34
LH:33
BRDA:33,0,0,5
BRDA:33,0,1,40
BRDA:40,1,0,4
BRDA:40,1,1,7
BRDA:40,2,0,11
BRDA:40,2,1,5
BRDA:41,3,0,1
BRDA:41,3,1,6
BRDA:42,4,0,0
BRDA:42,4,1,6
BRDA:46,5,0,1
BRDA:46,5,1,9
BRDA:47,6,0,0
BRDA:47,6,1,9
BRDA:49,7,0,5
BRDA:49,7,1,4
BRDA:58,8,0,3
BRDA:58,8,1,6
BRDA:58,9,0,9
BRDA:58,9,1,4
BRDA:59,10,0,1
BRDA:59,10,1,5
BRDA:60,11,0,0
BRDA:60,11,1,5
BRDA:61,12,0,4
BRDA:61,12,1,1
BRDA:61,13,0,1
BRDA:61,13,1,0
BRDA:65,14,0,7
BRDA:65,14,1,11
BRDA:71,15,0,15
BRDA:71,15,1,17
BRDA:74,16,0,92
BRDA:74,16,1,0
BRDA:86,17,0,2
BRDA:86,17,1,2
BRDA:86,18,0,5
BRDA:86,18,1,3
BRDA:87,19,0,2
BRDA:87,19,1,2
BRDA:93,20,0,1
BRDA:93,20,1,2
BRDA:93,21,0,1
BRDA:93,21,1,1
BRDA:94,22,0,3
BRDA:94,22,1,1
BRF:46
BRH:41
end_of_record
TN:
SF:src/model/xml.ts
FN:28,parseAutoDriveXml
FN:50,serializeAutoDriveXml
FN:58,(anonymous_2)
FN:59,(anonymous_3)
FN:68,readWaypoints
FN:103,(anonymous_5)
FN:104,(anonymous_6)
FN:108,readMarkers
FN:129,parseNumberList
FN:136,parseIdGroups
FN:149,(anonymous_10)
FN:150,(anonymous_11)
FN:158,documentFor
FN:166,writeWaypoints
FN:202,writeMarkers
FN:210,(anonymous_15)
FN:211,(anonymous_16)
FN:220,formatIdGroup
FN:221,(anonymous_18)
FN:221,(anonymous_19)
FN:225,formatCoord
FNF:21
FNH:21
FNDA:15,parseAutoDriveXml
FNDA:5,serializeAutoDriveXml
FNDA:24,(anonymous_2)
FNDA:29,(anonymous_3)
FNDA:13,readWaypoints
FNDA:65,(anonymous_5)
FNDA:54,(anonymous_6)
FNDA:12,readMarkers
FNDA:65,parseNumberList
FNDA:24,parseIdGroups
FNDA:119,(anonymous_10)
FNDA:119,(anonymous_11)
FNDA:5,documentFor
FNDA:5,writeWaypoints
FNDA:5,writeMarkers
FNDA:9,(anonymous_15)
FNDA:9,(anonymous_16)
FNDA:58,formatIdGroup
FNDA:52,(anonymous_18)
FNDA:52,(anonymous_19)
FNDA:87,formatCoord
DA:18,3
DA:20,3
DA:29,15
DA:30,15
DA:31,1
DA:34,13
DA:35,13
DA:36,15
DA:37,15
DA:39,15
DA:40,15
DA:41,15
DA:51,5
DA:52,5
DA:54,5
DA:55,5
DA:56,5
DA:58,24
DA:59,29
DA:61,5
DA:62,5
DA:63,5
DA:69,13
DA:70,13
DA:72,13
DA:73,13
DA:74,13
DA:75,13
DA:76,13
DA:77,13
DA:78,13
DA:79,1
DA:83,12
DA:84,12
DA:86,12
DA:87,66
DA:88,66
DA:97,66
DA:98,66
DA:102,12
DA:103,66
DA:104,66
DA:109,12
DA:110,12
DA:112,11
DA:113,21
DA:114,21
DA:115,21
DA:116,21
DA:117,21
DA:119,21
DA:124,21
DA:125,21
DA:130,65
DA:131,65
DA:132,63
DA:137,24
DA:138,24
DA:139,24
DA:140,24
DA:141,132
DA:142,132
DA:143,23
DA:144,23
DA:146,109
DA:149,119
DA:150,119
DA:153,132
DA:159,5
DA:160,4
DA:161,4
DA:163,2
DA:172,5
DA:182,5
DA:183,29
DA:184,29
DA:185,29
DA:186,29
DA:187,29
DA:188,29
DA:189,29
DA:192,5
DA:193,5
DA:194,5
DA:195,5
DA:196,5
DA:197,5
DA:198,5
DA:199,5
DA:208,5
DA:209,5
DA:210,9
DA:212,9
DA:213,9
DA:214,9
DA:215,9
DA:216,9
DA:221,58
DA:222,58
DA:226,87
LF:100
LH:100
BRDA:30,0,0,1
BRDA:30,0,1,14
BRDA:35,1,0,13
BRDA:35,1,1,2
BRDA:36,2,0,15
BRDA:36,2,1,2
BRDA:37,3,0,15
BRDA:37,3,1,2
BRDA:54,4,0,5
BRDA:54,4,1,0
BRDA:55,5,0,5
BRDA:55,5,1,0
BRDA:56,6,0,5
BRDA:56,6,1,0
BRDA:70,7,0,0
BRDA:70,7,1,13
BRDA:78,8,0,1
BRDA:78,8,1,12
BRDA:78,9,0,13
BRDA:78,9,1,12
BRDA:87,10,0,66
BRDA:87,10,1,0
BRDA:95,11,0,66
BRDA:95,11,1,0
BRDA:110,12,0,1
BRDA:110,12,1,11
BRDA:113,13,0,0
BRDA:113,13,1,21
BRDA:115,14,0,0
BRDA:115,14,1,21
BRDA:117,15,0,0
BRDA:117,15,1,21
BRDA:121,16,0,21
BRDA:121,16,1,0
BRDA:122,17,0,21
BRDA:122,17,1,0
BRDA:125,18,0,11
BRDA:125,18,1,10
BRDA:131,19,0,2
BRDA:131,19,1,63
BRDA:138,20,0,24
BRDA:138,20,1,0
BRDA:142,21,0,23
BRDA:142,21,1,109
BRDA:142,22,0,132
BRDA:142,22,1,132
BRDA:150,23,0,119
BRDA:150,23,1,119
BRDA:159,24,0,4
BRDA:159,24,1,1
BRDA:161,25,0,3
BRDA:161,25,1,1
BRDA:161,26,0,4
BRDA:161,26,1,3
BRDA:222,27,0,48
BRDA:222,27,1,10
BRF:56
BRH:44
end_of_record
TN:
SF:src/model/xmlDom.ts
FN:4,parseXml
FN:10,parseXmlOrThrow
FN:17,textOf
FN:22,childElement
FN:30,childText
FN:36,setChildText
FN:47,replaceChild
FN:56,serializeXml
FNF:8
FNH:8
FNDA:8,parseXml
FNDA:15,parseXmlOrThrow
FNDA:2,textOf
FNDA:293,childElement
FNDA:191,childText
FNDA:77,setChildText
FNDA:10,replaceChild
FNDA:5,serializeXml
DA:5,8
DA:6,8
DA:11,15
DA:12,15
DA:13,15
DA:14,14
DA:18,2
DA:23,293
DA:24,894
DA:26,77
DA:31,191
DA:32,191
DA:37,77
DA:38,77
DA:39,68
DA:40,68
DA:42,77
DA:43,77
DA:48,10
DA:49,62
DA:51,10
DA:52,10
DA:53,10
DA:57,5
DA:58,5
DA:59,5
LF:26
LH:26
BRDA:6,0,0,2
BRDA:6,0,1,6
BRDA:13,1,0,1
BRDA:13,1,1,14
BRDA:18,2,0,2
BRDA:18,2,1,0
BRDA:24,3,0,216
BRDA:24,3,1,678
BRDA:32,4,0,183
BRDA:32,4,1,8
BRDA:38,5,0,68
BRDA:38,5,1,9
BRDA:49,6,0,6
BRDA:49,6,1,56
BRDA:59,7,0,0
BRDA:59,7,1,5
BRF:16
BRH:14
end_of_record
TN:
SF:src/state/actions.ts
FN:30,heightAt
FN:35,addNode
FN:37,(anonymous_2)
FN:49,connectOrCycle
FN:50,(anonymous_4)
FN:64,connectNodes
FN:65,(anonymous_6)
FN:71,disconnectNodes
FN:72,(anonymous_8)
FN:79,gridRoute
FN:80,(anonymous_10)
FN:86,insertMidpointBetween
FN:87,(anonymous_12)
FN:94,createSmoothCurve
FN:95,(anonymous_14)
FN:102,spaceSelectionEvenly
FN:103,(anonymous_16)
FN:123,requestDeleteSelection
FN:134,(anonymous_18)
FN:141,(anonymous_19)
FN:148,describeImpact
FN:159,deleteSelection
FN:164,(anonymous_22)
FN:172,(anonymous_23)
FN:176,setSelectionFlag
FN:177,(anonymous_25)
FN:180,stampBlueprintAt
FN:183,(anonymous_27)
FN:198,applyPositions
FN:199,(anonymous_29)
FN:214,commitMove
FN:216,(anonymous_31)
FN:228,selectAll
FN:229,(anonymous_33)
FN:232,setSelection
FN:233,(anonymous_35)
FN:239,toggleSelection
FN:240,(anonymous_37)
FN:249,cancelCurrentInteraction
FN:250,(anonymous_39)
FN:263,alignGridToWaypoint
FN:264,(anonymous_41)
FN:274,resetGridOffset
FN:275,(anonymous_43)
FN:282,focusOnWaypoint
FN:283,(anonymous_45)
FNF:46
FNH:42
FNDA:33,heightAt
FNDA:32,addNode
FNDA:32,(anonymous_2)
FNDA:8,connectOrCycle
FNDA:8,(anonymous_4)
FNDA:0,connectNodes
FNDA:0,(anonymous_6)
FNDA:1,disconnectNodes
FNDA:1,(anonymous_8)
FNDA:1,gridRoute
FNDA:1,(anonymous_10)
FNDA:2,insertMidpointBetween
FNDA:2,(anonymous_12)
FNDA:0,createSmoothCurve
FNDA:0,(anonymous_14)
FNDA:2,spaceSelectionEvenly
FNDA:2,(anonymous_16)
FNDA:7,requestDeleteSelection
FNDA:3,(anonymous_18)
FNDA:2,(anonymous_19)
FNDA:3,describeImpact
FNDA:7,deleteSelection
FNDA:6,(anonymous_22)
FNDA:1,(anonymous_23)
FNDA:2,setSelectionFlag
FNDA:2,(anonymous_25)
FNDA:2,stampBlueprintAt
FNDA:1,(anonymous_27)
FNDA:1,applyPositions
FNDA:1,(anonymous_29)
FNDA:1,commitMove
FNDA:1,(anonymous_31)
FNDA:8,selectAll
FNDA:8,(anonymous_33)
FNDA:1,setSelection
FNDA:1,(anonymous_35)
FNDA:1,toggleSelection
FNDA:1,(anonymous_37)
FNDA:4,cancelCurrentInteraction
FNDA:4,(anonymous_39)
FNDA:2,alignGridToWaypoint
FNDA:2,(anonymous_41)
FNDA:1,resetGridOffset
FNDA:1,(anonymous_43)
FNDA:2,focusOnWaypoint
FNDA:2,(anonymous_45)
DA:31,33
DA:32,33
DA:36,32
DA:37,32
DA:38,32
DA:39,32
DA:40,32
DA:41,4
DA:43,32
DA:45,32
DA:50,8
DA:51,8
DA:52,5
DA:53,5
DA:54,5
DA:58,3
DA:59,3
DA:65,0
DA:66,0
DA:67,0
DA:72,1
DA:73,1
DA:74,1
DA:80,1
DA:81,1
DA:82,1
DA:87,2
DA:88,2
DA:89,2
DA:90,2
DA:95,0
DA:96,0
DA:97,0
DA:103,2
DA:104,2
DA:105,2
DA:106,1
DA:107,1
DA:109,1
DA:110,1
DA:115,3
DA:116,3
DA:124,7
DA:125,7
DA:127,6
DA:128,6
DA:129,3
DA:130,3
DA:133,3
DA:134,3
DA:135,3
DA:142,2
DA:143,2
DA:149,3
DA:150,3
DA:151,1
DA:153,3
DA:154,1
DA:156,3
DA:160,7
DA:161,7
DA:162,6
DA:164,6
DA:165,6
DA:166,6
DA:167,6
DA:168,6
DA:170,6
DA:172,1
DA:177,2
DA:181,2
DA:182,2
DA:183,1
DA:184,1
DA:190,1
DA:191,1
DA:199,1
DA:200,1
DA:201,1
DA:202,1
DA:203,1
DA:204,1
DA:215,1
DA:216,1
DA:217,1
DA:218,1
DA:219,1
DA:220,1
DA:221,1
DA:224,1
DA:229,8
DA:233,1
DA:234,1
DA:235,1
DA:240,1
DA:241,1
DA:242,1
DA:243,0
DA:244,1
DA:250,4
DA:251,4
DA:252,1
DA:253,1
DA:254,3
DA:255,1
DA:257,2
DA:264,2
DA:265,2
DA:266,2
DA:267,1
DA:268,1
DA:269,1
DA:270,1
DA:275,1
DA:276,1
DA:277,1
DA:278,1
DA:283,2
DA:284,2
DA:285,2
DA:286,1
DA:287,1
LF:122
LH:115
BRDA:32,0,0,0
BRDA:32,0,1,33
BRDA:40,1,0,4
BRDA:40,1,1,28
BRDA:40,2,0,32
BRDA:40,2,1,5
BRDA:51,3,0,5
BRDA:51,3,1,3
BRDA:54,4,0,4
BRDA:54,4,1,1
BRDA:89,5,0,1
BRDA:89,5,1,1
BRDA:90,6,0,1
BRDA:90,6,1,1
BRDA:98,7,0,0
BRDA:98,7,1,0
BRDA:105,8,0,1
BRDA:105,8,1,1
BRDA:125,9,0,1
BRDA:125,9,1,6
BRDA:128,10,0,3
BRDA:128,10,1,3
BRDA:150,11,0,1
BRDA:150,11,1,2
BRDA:153,12,0,1
BRDA:153,12,1,2
BRDA:154,13,0,0
BRDA:154,13,1,1
BRDA:161,14,0,1
BRDA:161,14,1,6
BRDA:182,15,0,1
BRDA:182,15,1,1
BRDA:202,16,0,1
BRDA:202,16,1,0
BRDA:219,17,0,1
BRDA:219,17,1,0
BRDA:235,18,0,1
BRDA:235,18,1,0
BRDA:242,19,0,1
BRDA:242,19,1,0
BRDA:251,20,0,1
BRDA:251,20,1,3
BRDA:254,21,0,1
BRDA:254,21,1,2
BRDA:266,22,0,1
BRDA:266,22,1,1
BRDA:285,23,0,1
BRDA:285,23,1,1
BRF:48
BRH:40
end_of_record
TN:
SF:src/state/blueprintSession.ts
FN:16,enterBlueprintEditor
FN:31,(anonymous_1)
FN:46,saveBlueprintEditor
FN:51,(anonymous_3)
FN:58,(anonymous_4)
FN:63,(anonymous_5)
FN:73,discardBlueprintEditor
FN:77,exitBlueprintEditor
FN:81,(anonymous_8)
FNF:9
FNH:9
FNDA:15,enterBlueprintEditor
FNDA:13,(anonymous_1)
FNDA:11,saveBlueprintEditor
FNDA:1,(anonymous_3)
FNDA:9,(anonymous_4)
FNDA:2,(anonymous_5)
FNDA:3,discardBlueprintEditor
FNDA:7,exitBlueprintEditor
FNDA:6,(anonymous_8)
DA:7,4
DA:17,15
DA:18,15
DA:19,14
DA:20,15
DA:21,13
DA:31,13
DA:32,13
DA:33,13
DA:34,13
DA:35,13
DA:36,13
DA:37,13
DA:38,13
DA:39,13
DA:47,11
DA:48,11
DA:49,11
DA:50,10
DA:51,1
DA:52,1
DA:54,9
DA:56,11
DA:57,11
DA:58,9
DA:59,9
DA:60,7
DA:61,7
DA:63,2
DA:64,2
DA:66,9
DA:68,9
DA:69,9
DA:70,9
DA:74,3
DA:78,7
DA:79,7
DA:80,6
DA:81,6
DA:82,6
DA:83,6
DA:84,6
DA:85,6
DA:86,6
DA:87,6
DA:88,6
DA:89,6
DA:90,6
DA:91,6
DA:92,6
DA:94,6
LF:51
LH:51
BRDA:18,0,0,1
BRDA:18,0,1,14
BRDA:19,1,0,2
BRDA:19,1,1,12
BRDA:20,2,0,1
BRDA:20,2,1,14
BRDA:20,3,0,15
BRDA:20,3,1,2
BRDA:32,4,0,13
BRDA:32,4,1,12
BRDA:33,5,0,1
BRDA:33,5,1,12
BRDA:37,6,0,1
BRDA:37,6,1,12
BRDA:39,7,0,1
BRDA:39,7,1,12
BRDA:49,8,0,1
BRDA:49,8,1,10
BRDA:50,9,0,1
BRDA:50,9,1,9
BRDA:54,10,0,9
BRDA:54,10,1,1
BRDA:57,11,0,0
BRDA:57,11,1,11
BRDA:59,12,0,7
BRDA:59,12,1,2
BRDA:63,13,0,2
BRDA:63,13,1,0
BRDA:69,14,0,4
BRDA:69,14,1,5
BRDA:79,15,0,1
BRDA:79,15,1,6
BRF:32
BRH:30
end_of_record
TN:
SF:src/state/feedback.ts
FN:17,showToast
FN:30,(anonymous_1)
FN:34,dismissToast
FN:35,(anonymous_3)
FN:35,(anonymous_4)
FN:42,confirmAction
FN:47,(anonymous_6)
FN:50,closeDialog
FN:51,(anonymous_8)
FN:57,suppressConfirmation
FN:58,(anonymous_10)
FN:61,setShortcutsOpen
FN:62,(anonymous_12)
FNF:13
FNH:13
FNDA:9,showToast
FNDA:9,(anonymous_1)
FNDA:1,dismissToast
FNDA:1,(anonymous_3)
FNDA:1,(anonymous_4)
FNDA:5,confirmAction
FNDA:3,(anonymous_6)
FNDA:4,closeDialog
FNDA:4,(anonymous_8)
FNDA:2,suppressConfirmation
FNDA:2,(anonymous_10)
FNDA:2,setShortcutsOpen
FNDA:2,(anonymous_12)
DA:12,4
DA:13,4
DA:15,4
DA:22,9
DA:30,9
DA:31,9
DA:35,1
DA:43,5
DA:44,2
DA:45,2
DA:47,3
DA:51,4
DA:52,4
DA:53,4
DA:58,2
DA:62,2
LF:16
LH:16
BRDA:20,0,0,9
BRDA:28,1,0,7
BRDA:28,1,1,2
BRDA:43,2,0,2
BRDA:43,2,1,3
BRDA:43,3,0,5
BRDA:43,3,1,4
BRF:7
BRH:7
end_of_record
TN:
SF:src/state/store.ts
FN:107,cloneNetwork
FN:110,(anonymous_1)
FN:115,(anonymous_2)
FN:161,(anonymous_3)
FN:163,(anonymous_4)
FN:166,(anonymous_5)
FN:168,notify
FN:174,mutate
FN:187,update
FN:192,undo
FN:202,redo
FN:212,clearHistory
FN:218,takeHistory
FN:225,restoreHistory
FN:231,grid
FN:236,snapX
FN:241,snapZ
FN:277,bridge
FNF:18
FNH:16
FNDA:74,cloneNetwork
FNDA:77,(anonymous_1)
FNDA:0,(anonymous_2)
FNDA:1,(anonymous_3)
FNDA:1,(anonymous_4)
FNDA:10,(anonymous_5)
FNDA:284,notify
FNDA:74,mutate
FNDA:199,update
FNDA:11,undo
FNDA:5,redo
FNDA:70,clearHistory
FNDA:14,takeHistory
FNDA:7,restoreHistory
FNDA:1,grid
FNDA:7,snapX
FNDA:3,snapZ
FNDA:0,bridge
DA:108,74
DA:110,77
DA:115,0
DA:124,7
DA:127,7
DA:156,7
DA:157,7
DA:158,7
DA:159,7
DA:161,1
DA:162,1
DA:163,1
DA:166,10
DA:169,284
DA:170,284
DA:175,74
DA:179,74
DA:180,74
DA:181,74
DA:182,74
DA:183,74
DA:188,199
DA:189,199
DA:193,11
DA:194,11
DA:195,8
DA:196,8
DA:197,8
DA:198,8
DA:199,8
DA:203,5
DA:204,5
DA:205,3
DA:206,3
DA:207,3
DA:208,3
DA:209,3
DA:213,70
DA:214,70
DA:219,14
DA:220,14
DA:221,14
DA:222,14
DA:226,7
DA:227,7
DA:232,1
DA:233,1
DA:237,7
DA:238,7
DA:242,3
DA:243,3
DA:247,7
DA:278,0
LF:53
LH:51
BRDA:179,0,0,0
BRDA:179,0,1,74
BRDA:194,1,0,3
BRDA:194,1,1,8
BRDA:204,2,0,2
BRDA:204,2,1,3
BRDA:238,3,0,6
BRDA:238,3,1,1
BRDA:243,4,0,3
BRDA:243,4,1,0
BRDA:278,5,0,0
BRDA:278,5,1,0
BRF:12
BRH:8
end_of_record
TN:
SF:src/state/useStore.ts
FN:5,useStore
FNF:1
FNH:0
FNDA:0,useStore
DA:6,0
DA:7,0
LF:2
LH:0
BRF:0
BRH:0
end_of_record
