TN:
SF:src/editor/canvasPrimitives.ts
FN:15,strokeLine
FN:28,fillCircle
FN:34,strokeCircle
FN:40,fillTriangle
FN:54,roundedRectPath
FN:65,drawCrosshair
FNF:6
FNH:6
FNDA:2867,strokeLine
FNDA:30,fillCircle
FNDA:6,strokeCircle
FNDA:3,fillTriangle
FNDA:2,roundedRectPath
FNDA:1,drawCrosshair
DA:22,2867
DA:23,2867
DA:24,2867
DA:25,2867
DA:29,30
DA:30,30
DA:31,30
DA:35,6
DA:36,6
DA:37,6
DA:46,3
DA:47,3
DA:48,3
DA:49,3
DA:50,3
DA:51,3
DA:55,2
DA:56,2
DA:57,2
DA:58,2
DA:59,2
DA:60,2
DA:61,2
DA:62,2
DA:66,1
DA:67,1
DA:68,1
LF:27
LH:27
BRF:0
BRH:0
end_of_record
TN:
SF:src/editor/hitTest.ts
FN:9,pickRadius
FN:14,findNodeAt
FN:31,findNodesInRect
FNF:3
FNH:3
FNDA:5,pickRadius
FNDA:2,findNodeAt
FNDA:1,findNodesInRect
DA:5,1
DA:7,1
DA:10,5
DA:15,2
DA:16,2
DA:17,2
DA:18,2
DA:19,4
DA:20,4
DA:21,4
DA:22,4
DA:23,1
DA:24,1
DA:27,2
DA:32,1
DA:33,1
DA:34,2
DA:35,1
DA:38,1
LF:19
LH:19
BRDA:22,0,0,1
BRDA:22,0,1,3
BRDA:34,1,0,1
BRDA:34,1,1,1
BRDA:34,2,0,2
BRDA:34,2,1,2
BRDA:34,2,2,1
BRDA:34,2,3,1
BRF:8
BRH:8
end_of_record
TN:
SF:src/editor/renderAnnotations.ts
FN:23,drawMarkers
FN:54,drawWorldIcons
FN:90,drawGhost
FN:129,drawAnchor
FN:152,drawRubberBand
FNF:5
FNH:5
FNDA:19,drawMarkers
FNDA:3,drawWorldIcons
FNDA:1,drawGhost
FNDA:1,drawAnchor
FNDA:1,drawRubberBand
DA:24,19
DA:25,15
DA:26,15
DA:27,15
DA:28,15
DA:29,15
DA:31,15
DA:32,2
DA:33,2
DA:34,2
DA:35,2
DA:36,2
DA:38,2
DA:39,2
DA:40,2
DA:41,2
DA:43,1
DA:44,1
DA:45,1
DA:46,1
DA:47,1
DA:48,1
DA:49,1
DA:51,15
DA:59,3
DA:60,3
DA:61,3
DA:63,3
DA:64,3
DA:65,3
DA:66,3
DA:67,3
DA:68,1
DA:69,1
DA:70,1
DA:71,1
DA:72,1
DA:73,1
DA:74,1
DA:78,3
DA:79,2
DA:80,2
DA:81,1
DA:82,1
DA:83,1
DA:84,1
DA:85,1
DA:97,1
DA:98,1
DA:99,1
DA:100,1
DA:101,1
DA:103,1
DA:104,1
DA:112,1
DA:113,1
DA:114,2
DA:118,1
DA:119,1
DA:120,1
DA:121,1
DA:122,1
DA:124,1
DA:125,1
DA:130,1
DA:131,1
DA:132,1
DA:133,0
DA:134,0
DA:135,0
DA:137,0
DA:138,0
DA:140,1
DA:141,1
DA:143,1
DA:144,1
DA:145,1
DA:146,1
DA:147,1
DA:148,1
DA:149,1
DA:153,1
DA:154,1
DA:155,1
DA:156,1
DA:157,1
DA:158,1
DA:159,1
DA:160,1
DA:161,1
DA:162,1
DA:163,1
LF:92
LH:87
BRDA:24,0,0,4
BRDA:24,0,1,15
BRDA:33,1,0,0
BRDA:33,1,1,2
BRDA:36,2,0,0
BRDA:36,2,1,2
BRDA:41,3,0,1
BRDA:41,3,1,1
BRDA:63,4,0,3
BRDA:63,4,1,0
BRDA:70,5,0,0
BRDA:70,5,1,1
BRDA:74,6,0,1
BRDA:74,6,1,0
BRDA:74,7,0,1
BRDA:74,7,1,1
BRDA:78,8,0,2
BRDA:78,8,1,1
BRDA:83,9,0,0
BRDA:83,9,1,1
BRDA:85,10,0,1
BRDA:85,10,1,0
BRDA:85,11,0,1
BRDA:85,11,1,1
BRDA:118,12,0,1
BRDA:118,12,1,0
BRDA:132,13,0,0
BRDA:132,13,1,1
BRF:28
BRH:19
end_of_record
TN:
SF:src/editor/renderScene.ts
FN:55,renderScene
FN:82,drawField
FN:87,drawTerrain
FN:109,drawGrid
FN:139,isMajor
FN:145,drawLinks
FN:168,drawLink
FN:184,drawReverseRails
FN:207,drawChevrons
FN:237,drawPendingConnection
FN:262,drawNodes
FN:279,drawNode
FN:315,nodeFill
FN:325,screenSegment
FNF:14
FNH:14
FNDA:19,renderScene
FNDA:19,drawField
FNDA:4,drawTerrain
FNDA:19,drawGrid
FNDA:2846,isMajor
FNDA:19,drawLinks
FNDA:7,drawLink
FNDA:1,drawReverseRails
FNDA:4,drawChevrons
FNDA:19,drawPendingConnection
FNDA:19,drawNodes
FNDA:18,drawNode
FNDA:18,nodeFill
FNDA:14,screenSegment
DA:61,19
DA:63,19
DA:64,19
DA:65,4
DA:67,19
DA:68,19
DA:69,3
DA:71,19
DA:72,19
DA:73,19
DA:74,19
DA:75,19
DA:76,19
DA:77,1
DA:79,19
DA:83,19
DA:84,19
DA:93,4
DA:94,4
DA:98,4
DA:99,4
DA:106,4
DA:115,19
DA:116,18
DA:117,18
DA:118,18
DA:120,17
DA:121,19
DA:122,19
DA:123,19
DA:125,19
DA:126,19
DA:127,1624
DA:128,1624
DA:129,1624
DA:131,17
DA:132,17
DA:133,1222
DA:134,1222
DA:135,1222
DA:140,2846
DA:146,19
DA:147,19
DA:148,19
DA:151,19
DA:152,19
DA:153,19
DA:154,19
DA:155,7
DA:156,7
DA:158,19
DA:160,19
DA:161,7
DA:162,7
DA:163,7
DA:164,7
DA:169,7
DA:170,7
DA:172,7
DA:173,1
DA:174,1
DA:176,6
DA:177,7
DA:178,7
DA:179,4
DA:191,1
DA:192,1
DA:193,1
DA:194,1
DA:195,0
DA:197,1
DA:198,1
DA:199,1
DA:200,1
DA:201,1
DA:203,1
DA:214,4
DA:215,4
DA:216,4
DA:217,4
DA:218,4
DA:220,4
DA:221,4
DA:222,4
DA:223,4
DA:224,4
DA:225,4
DA:226,12
DA:227,12
DA:228,12
DA:229,12
DA:230,12
DA:231,12
DA:232,12
DA:234,4
DA:243,19
DA:244,1
DA:245,1
DA:247,1
DA:248,1
DA:249,1
DA:250,1
DA:257,1
DA:263,19
DA:264,19
DA:266,19
DA:267,18
DA:268,18
DA:270,18
DA:286,18
DA:289,18
DA:290,1
DA:291,1
DA:293,17
DA:294,17
DA:296,11
DA:297,11
DA:301,18
DA:302,3
DA:303,3
DA:304,3
DA:306,18
DA:307,1
DA:308,1
DA:309,1
DA:310,1
DA:311,1
DA:316,18
DA:317,16
DA:318,15
DA:331,14
DA:332,14
DA:333,14
DA:334,14
DA:335,14
DA:336,14
DA:337,14
LF:137
LH:136
BRDA:64,0,0,4
BRDA:64,0,1,15
BRDA:64,1,0,19
BRDA:64,1,1,4
BRDA:68,2,0,3
BRDA:68,2,1,16
BRDA:68,3,0,19
BRDA:68,3,1,4
BRDA:68,3,2,4
BRDA:73,4,0,1
BRDA:73,4,1,18
BRDA:76,5,0,1
BRDA:76,5,1,18
BRDA:76,6,0,19
BRDA:76,6,1,1
BRDA:79,7,0,1
BRDA:79,7,1,18
BRDA:83,8,0,1
BRDA:83,8,1,18
BRDA:115,9,0,1
BRDA:115,9,1,18
BRDA:118,10,0,1
BRDA:118,10,1,17
BRDA:120,11,0,1
BRDA:120,11,1,16
BRDA:121,12,0,1
BRDA:121,12,1,16
BRDA:122,13,0,14
BRDA:122,13,1,3
BRDA:127,14,0,362
BRDA:127,14,1,1262
BRDA:133,15,0,258
BRDA:133,15,1,964
BRDA:156,16,0,7
BRDA:156,16,1,0
BRDA:162,17,0,0
BRDA:162,17,1,7
BRDA:163,18,0,7
BRDA:163,18,1,1
BRDA:163,18,2,1
BRDA:170,19,0,1
BRDA:170,19,1,6
BRDA:172,20,0,1
BRDA:172,20,1,6
BRDA:176,21,0,1
BRDA:176,21,1,5
BRDA:178,22,0,4
BRDA:178,22,1,3
BRDA:178,23,0,7
BRDA:178,23,1,5
BRDA:194,24,0,0
BRDA:194,24,1,1
BRDA:197,25,0,1
BRDA:197,25,1,0
BRDA:218,26,0,0
BRDA:218,26,1,4
BRDA:243,27,0,18
BRDA:243,27,1,1
BRDA:243,28,0,19
BRDA:243,28,1,1
BRDA:245,29,0,0
BRDA:245,29,1,1
BRDA:264,30,0,19
BRDA:264,30,1,14
BRDA:268,31,0,0
BRDA:268,31,1,18
BRDA:272,32,0,18
BRDA:272,32,1,16
BRDA:289,33,0,1
BRDA:289,33,1,17
BRDA:294,34,0,11
BRDA:294,34,1,6
BRDA:294,35,0,17
BRDA:294,35,1,14
BRDA:294,35,2,13
BRDA:301,36,0,3
BRDA:301,36,1,15
BRDA:301,37,0,18
BRDA:301,37,1,17
BRDA:302,38,0,2
BRDA:302,38,1,1
BRDA:306,39,0,1
BRDA:306,39,1,17
BRDA:316,40,0,2
BRDA:316,40,1,16
BRDA:317,41,0,1
BRDA:317,41,1,15
BRDA:318,42,0,1
BRDA:318,42,1,14
BRDA:333,43,0,0
BRDA:333,43,1,14
BRDA:333,44,0,14
BRDA:333,44,1,14
BRDA:336,45,0,0
BRDA:336,45,1,14
BRDA:336,46,0,14
BRDA:336,46,1,0
BRF:97
BRH:87
end_of_record
TN:
SF:src/editor/shortcuts.ts
FN:16,handleShortcut
FN:21,handleModified
FN:45,handlePlain
FN:64,(anonymous_3)
FN:70,selectToolByNumber
FN:73,(anonymous_5)
FN:81,rotatePlacement
FN:82,(anonymous_7)
FN:88,isTypingTarget
FNF:9
FNH:9
FNDA:19,handleShortcut
FNDA:6,handleModified
FNDA:11,handlePlain
FNDA:1,(anonymous_3)
FNDA:5,selectToolByNumber
FNDA:2,(anonymous_5)
FNDA:2,rotatePlacement
FNDA:2,(anonymous_7)
FNDA:19,isTypingTarget
DA:8,1
DA:9,1
DA:17,19
DA:18,17
DA:22,6
DA:24,3
DA:25,2
DA:26,3
DA:28,1
DA:29,1
DA:31,0
DA:32,0
DA:33,0
DA:35,0
DA:36,0
DA:38,1
DA:39,1
DA:41,1
DA:46,11
DA:47,2
DA:48,1
DA:49,1
DA:51,9
DA:52,1
DA:53,1
DA:55,8
DA:56,2
DA:57,2
DA:59,6
DA:60,0
DA:61,0
DA:63,6
DA:64,1
DA:65,1
DA:67,5
DA:71,5
DA:72,5
DA:73,2
DA:74,2
DA:75,2
DA:76,2
DA:78,2
DA:82,2
DA:83,2
DA:84,2
DA:89,19
LF:46
LH:39
BRDA:17,0,0,2
BRDA:17,0,1,17
BRDA:18,1,0,6
BRDA:18,1,1,11
BRDA:18,2,0,17
BRDA:18,2,1,11
BRDA:22,3,0,3
BRDA:22,3,1,1
BRDA:22,3,2,0
BRDA:22,3,3,0
BRDA:22,3,4,1
BRDA:22,3,5,1
BRDA:24,4,0,1
BRDA:24,4,1,2
BRDA:31,5,0,0
BRDA:31,5,1,0
BRDA:35,6,0,0
BRDA:35,6,1,0
BRDA:46,7,0,2
BRDA:46,7,1,9
BRDA:46,8,0,11
BRDA:46,8,1,9
BRDA:47,9,0,1
BRDA:47,9,1,1
BRDA:51,10,0,1
BRDA:51,10,1,8
BRDA:55,11,0,2
BRDA:55,11,1,6
BRDA:55,12,0,8
BRDA:55,12,1,3
BRDA:56,13,0,1
BRDA:56,13,1,1
BRDA:59,14,0,0
BRDA:59,14,1,6
BRDA:63,15,0,1
BRDA:63,15,1,5
BRDA:72,16,0,3
BRDA:72,16,1,2
BRDA:72,17,0,5
BRDA:72,17,1,3
BRDA:72,17,2,3
BRDA:83,18,0,0
BRDA:83,18,1,2
BRDA:90,19,0,19
BRDA:90,19,1,18
BRDA:90,19,2,18
BRF:46
BRH:38
end_of_record
TN:
SF:src/editor/theme.ts
FN:70,nodeRadius
FN:75,linkWidth
FN:80,casingWidth
FN:85,chevronSpacing
FN:89,clamp
FNF:5
FNH:5
FNDA:39,nodeRadius
FNDA:51,linkWidth
FNDA:21,casingWidth
FNDA:7,chevronSpacing
FNDA:90,clamp
DA:10,1
DA:35,1
DA:41,1
DA:42,1
DA:45,1
DA:63,1
DA:66,1
DA:67,1
DA:71,39
DA:76,51
DA:81,21
DA:86,7
DA:90,90
LF:13
LH:13
BRF:0
BRH:0
end_of_record
TN:
SF:src/editor/viewport.ts
FN:20,createViewport
FN:27,(anonymous_1)
FN:28,(anonymous_2)
FN:29,(anonymous_3)
FN:30,(anonymous_4)
FN:31,(anonymous_5)
FN:37,zoomAt
FN:50,clampScale
FN:62,worldRectFromScreen
FNF:9
FNH:9
FNDA:15,createViewport
FNDA:1691,(anonymous_1)
FNDA:1287,(anonymous_2)
FNDA:1663,(anonymous_3)
FNDA:1261,(anonymous_4)
FNDA:40,(anonymous_5)
FNDA:3,zoomAt
FNDA:4,clampScale
FNDA:2,worldRectFromScreen
DA:21,15
DA:22,15
DA:23,15
DA:27,1691
DA:28,1287
DA:29,1663
DA:30,1261
DA:32,40
DA:38,3
DA:39,3
DA:40,3
DA:47,2
DA:48,2
DA:51,4
DA:69,2
DA:70,2
DA:71,2
DA:72,2
DA:73,2
LF:19
LH:19
BRDA:31,0,0,40
BRDA:32,1,0,40
BRDA:32,1,1,39
BRDA:32,1,2,39
BRDA:32,1,3,39
BRF:5
BRH:5
end_of_record
TN:
SF:src/model/background.ts
FN:37,buildBackground
FN:57,terrainHeightAt
FN:62,nodeHeightAt
FN:76,readTypeLayer
FNF:4
FNH:4
FNDA:5,buildBackground
FNDA:4,terrainHeightAt
FNDA:35,nodeHeightAt
FNDA:4,readTypeLayer
DA:38,5
DA:39,4
DA:40,0
DA:42,4
DA:43,4
DA:45,4
DA:58,4
DA:68,35
DA:69,2
DA:70,2
DA:72,34
DA:77,4
DA:78,2
DA:79,2
DA:81,1
LF:15
LH:14
BRDA:39,0,0,0
BRDA:39,0,1,4
BRDA:49,1,0,1
BRDA:49,1,1,3
BRDA:50,2,0,1
BRDA:50,2,1,3
BRDA:51,3,0,0
BRDA:51,3,1,4
BRDA:68,4,0,2
BRDA:68,4,1,33
BRDA:70,5,0,1
BRDA:70,5,1,1
BRDA:77,6,0,2
BRDA:77,6,1,2
BRDA:77,7,0,4
BRDA:77,7,1,2
BRF:16
BRH:14
end_of_record
TN:
SF:src/model/blueprint.ts
FN:5,captureBlueprint
FN:12,(anonymous_1)
FN:27,(anonymous_2)
FN:33,(anonymous_3)
FN:74,placedPositions
FN:77,(anonymous_5)
FN:84,stampBlueprint
FN:87,(anonymous_7)
FN:103,(anonymous_8)
FN:119,blueprintToNetwork
FN:136,isBlueprint
FN:148,round3
FNF:12
FNH:12
FNDA:20,captureBlueprint
FNDA:21,(anonymous_1)
FNDA:40,(anonymous_2)
FNDA:40,(anonymous_3)
FNDA:7,placedPositions
FNDA:19,(anonymous_5)
FNDA:5,stampBlueprint
FNDA:14,(anonymous_7)
FNDA:1,(anonymous_8)
FNDA:2,blueprintToNetwork
FNDA:3,isBlueprint
FNDA:120,round3
DA:6,20
DA:7,20
DA:8,40
DA:9,40
DA:11,20
DA:12,21
DA:14,19
DA:15,19
DA:16,19
DA:17,19
DA:18,40
DA:19,40
DA:20,40
DA:22,19
DA:23,19
DA:24,19
DA:26,19
DA:27,40
DA:29,19
DA:33,40
DA:43,19
DA:44,40
DA:45,27
DA:46,26
DA:47,26
DA:48,26
DA:49,18
DA:57,19
DA:58,9
DA:59,8
DA:63,19
DA:75,7
DA:76,7
DA:77,19
DA:85,5
DA:86,5
DA:87,5
DA:88,14
DA:97,14
DA:98,14
DA:100,5
DA:101,8
DA:103,5
DA:104,5
DA:105,4
DA:106,4
DA:107,4
DA:108,4
DA:109,4
DA:110,4
DA:112,5
DA:120,2
DA:121,2
DA:122,2
DA:123,5
DA:124,5
DA:125,5
DA:127,2
DA:128,2
DA:129,1
DA:130,1
DA:132,2
DA:137,3
DA:138,2
DA:139,2
DA:149,120
LF:66
LH:66
BRDA:9,0,0,40
BRDA:9,0,1,0
BRDA:11,1,0,1
BRDA:11,1,1,19
BRDA:45,2,0,1
BRDA:45,2,1,26
BRDA:48,3,0,8
BRDA:48,3,1,18
BRDA:48,4,0,26
BRDA:48,4,1,16
BRDA:52,5,0,8
BRDA:52,5,1,10
BRDA:52,6,0,10
BRDA:52,6,1,0
BRDA:58,7,0,8
BRDA:58,7,1,1
BRDA:110,8,0,3
BRDA:110,8,1,1
BRDA:130,9,0,1
BRDA:130,9,1,0
BRDA:137,10,0,1
BRDA:137,10,1,2
BRDA:137,11,0,3
BRDA:137,11,1,3
BRDA:140,12,0,2
BRDA:140,12,1,1
BRDA:140,12,2,1
BRDA:140,12,3,1
BRDA:140,12,4,1
BRF:29
BRH:26
end_of_record
TN:
SF:src/model/errors.ts
FN:2,errorMessage
FNF:1
FNH:0
FNDA:0,errorMessage
DA:3,0
DA:4,0
DA:5,0
LF:3
LH:0
BRDA:3,0,0,0
BRDA:3,0,1,0
BRDA:4,1,0,0
BRDA:4,1,1,0
BRF:4
BRH:0
end_of_record
TN:
SF:src/model/graph.ts
FN:3,pushUnique
FN:7,remove
FN:12,addWaypoint
FN:34,deletionImpact
FN:55,(anonymous_4)
FN:58,(anonymous_5)
FN:58,(anonymous_6)
FN:62,deleteWaypoints
FN:66,(anonymous_8)
FN:67,(anonymous_9)
FN:69,(anonymous_10)
FN:73,disconnect
FN:89,connect
FN:103,connectionBetween
FN:119,cycleConnection
FN:129,allEdges
FN:147,setFlagOn
FN:155,moveWaypoints
FN:165,estimateY
FN:184,connectAcrossGrid
FN:202,(anonymous_20)
FN:215,(anonymous_21)
FN:236,insertMidpoint
FN:252,orderAsChain
FN:269,(anonymous_24)
FN:274,(anonymous_25)
FN:283,evenlySpaceChain
FN:285,(anonymous_27)
FN:317,smoothCurve
FN:337,(anonymous_29)
FN:338,(anonymous_30)
FNF:31
FNH:30
FNDA:342,pushUnique
FNDA:632,remove
FNDA:229,addWaypoint
FNDA:16,deletionImpact
FNDA:60,(anonymous_4)
FNDA:2,(anonymous_5)
FNDA:2,(anonymous_6)
FNDA:8,deleteWaypoints
FNDA:6,(anonymous_8)
FNDA:7,(anonymous_9)
FNDA:3,(anonymous_10)
FNDA:158,disconnect
FNDA:147,connect
FNDA:49,connectionBetween
FNDA:10,cycleConnection
FNDA:20,allEdges
FNDA:4,setFlagOn
FNDA:0,moveWaypoints
FNDA:36,estimateY
FNDA:8,connectAcrossGrid
FNDA:10,(anonymous_20)
FNDA:25,(anonymous_21)
FNDA:4,insertMidpoint
FNDA:5,orderAsChain
FNDA:10,(anonymous_24)
FNDA:4,(anonymous_25)
FNDA:2,evenlySpaceChain
FNDA:6,(anonymous_27)
FNDA:4,smoothCurve
FNDA:4,(anonymous_29)
FNDA:1,(anonymous_30)
DA:4,342
DA:8,632
DA:9,632
DA:13,229
DA:14,229
DA:15,229
DA:35,16
DA:36,16
DA:37,16
DA:39,16
DA:40,60
DA:41,60
DA:42,59
DA:43,59
DA:44,335
DA:46,59
DA:47,91
DA:48,91
DA:49,91
DA:50,91
DA:54,16
DA:55,60
DA:58,2
DA:63,8
DA:64,26
DA:65,8
DA:66,7
DA:67,7
DA:69,8
DA:74,158
DA:75,158
DA:76,158
DA:77,158
DA:78,158
DA:79,158
DA:80,158
DA:90,147
DA:91,146
DA:92,146
DA:93,146
DA:94,145
DA:95,145
DA:96,145
DA:97,145
DA:98,30
DA:99,30
DA:104,49
DA:105,49
DA:106,49
DA:107,48
DA:108,48
DA:109,48
DA:110,41
DA:111,19
DA:112,12
DA:120,10
DA:121,10
DA:122,9
DA:123,6
DA:124,4
DA:125,2
DA:130,20
DA:131,20
DA:132,21
DA:133,11
DA:134,11
DA:135,11
DA:136,11
DA:137,9
DA:144,20
DA:148,4
DA:149,8
DA:150,8
DA:151,8
DA:156,0
DA:157,0
DA:158,0
DA:159,0
DA:160,0
DA:166,36
DA:167,36
DA:168,36
DA:169,17
DA:170,17
DA:171,16
DA:172,16
DA:175,36
DA:191,8
DA:192,8
DA:193,8
DA:196,5
DA:198,5
DA:199,5
DA:200,5
DA:202,5
DA:203,10
DA:204,6
DA:205,6
DA:206,6
DA:207,6
DA:208,33
DA:209,33
DA:212,5
DA:213,5
DA:215,25
DA:217,5
DA:218,5
DA:219,5
DA:220,21
DA:223,5
DA:224,5
DA:225,5
DA:226,17
DA:227,17
DA:228,17
DA:229,17
DA:231,5
DA:232,5
DA:237,4
DA:238,4
DA:239,2
DA:240,2
DA:241,2
DA:242,2
DA:243,2
DA:244,2
DA:245,2
DA:253,5
DA:254,3
DA:255,3
DA:256,10
DA:257,10
DA:258,10
DA:259,10
DA:260,10
DA:262,10
DA:263,34
DA:264,34
DA:266,10
DA:267,10
DA:269,10
DA:270,3
DA:271,2
DA:272,2
DA:273,2
DA:274,4
DA:275,4
DA:276,4
DA:277,4
DA:279,2
DA:284,2
DA:285,6
DA:286,2
DA:287,2
DA:288,2
DA:289,4
DA:290,4
DA:291,4
DA:293,2
DA:294,2
DA:295,2
DA:296,2
DA:297,2
DA:298,2
DA:299,2
DA:300,2
DA:302,2
DA:303,2
DA:304,2
DA:305,2
DA:306,2
DA:307,2
DA:308,2
DA:324,4
DA:325,4
DA:326,4
DA:329,2
DA:331,2
DA:337,2
DA:338,4
DA:339,4
DA:340,4
DA:341,1
DA:342,1
DA:343,1
DA:344,1
DA:345,1
DA:346,1
DA:347,1
DA:348,1
DA:349,1
DA:352,3
DA:355,2
DA:356,2
DA:358,2
DA:359,2
DA:360,2
DA:361,8
DA:362,8
DA:363,8
DA:364,8
DA:365,8
DA:366,8
DA:367,8
DA:368,8
DA:369,8
DA:370,8
DA:371,8
DA:372,8
DA:373,8
DA:374,8
DA:376,2
DA:377,2
LF:213
LH:208
BRDA:4,0,0,342
BRDA:4,0,1,0
BRDA:9,1,0,39
BRDA:9,1,1,593
BRDA:12,2,0,229
BRDA:41,3,0,1
BRDA:41,3,1,59
BRDA:44,4,0,47
BRDA:44,4,1,288
BRDA:47,5,0,0
BRDA:47,5,1,91
BRDA:47,6,0,91
BRDA:47,6,1,91
BRDA:48,7,0,46
BRDA:48,7,1,45
BRDA:50,8,0,3
BRDA:50,8,1,88
BRDA:76,9,0,0
BRDA:76,9,1,158
BRDA:76,10,0,158
BRDA:76,10,1,158
BRDA:90,11,0,1
BRDA:90,11,1,146
BRDA:93,12,0,1
BRDA:93,12,1,145
BRDA:93,13,0,146
BRDA:93,13,1,146
BRDA:96,14,0,137
BRDA:96,14,1,8
BRDA:96,15,0,145
BRDA:96,15,1,38
BRDA:97,16,0,30
BRDA:97,16,1,115
BRDA:106,17,0,1
BRDA:106,17,1,48
BRDA:106,18,0,49
BRDA:106,18,1,49
BRDA:109,19,0,7
BRDA:109,19,1,41
BRDA:109,20,0,48
BRDA:109,20,1,29
BRDA:110,21,0,22
BRDA:110,21,1,19
BRDA:110,22,0,12
BRDA:110,22,1,10
BRDA:111,23,0,7
BRDA:111,23,1,12
BRDA:111,24,0,7
BRDA:111,24,1,0
BRDA:121,25,0,1
BRDA:121,25,1,9
BRDA:122,26,0,3
BRDA:122,26,1,6
BRDA:122,27,0,9
BRDA:122,27,1,5
BRDA:123,28,0,2
BRDA:123,28,1,4
BRDA:124,29,0,2
BRDA:124,29,1,2
BRDA:134,30,0,0
BRDA:134,30,1,11
BRDA:136,31,0,2
BRDA:136,31,1,9
BRDA:136,32,0,11
BRDA:136,32,1,4
BRDA:140,33,0,2
BRDA:140,33,1,7
BRDA:140,34,0,6
BRDA:140,34,1,1
BRDA:150,35,0,0
BRDA:150,35,1,8
BRDA:151,36,0,4
BRDA:151,36,1,4
BRDA:158,37,0,0
BRDA:158,37,1,0
BRDA:170,38,0,16
BRDA:170,38,1,1
BRDA:193,39,0,3
BRDA:193,39,1,5
BRDA:193,40,0,8
BRDA:193,40,1,8
BRDA:193,40,2,7
BRDA:193,40,3,5
BRDA:203,41,0,4
BRDA:203,41,1,6
BRDA:209,42,0,21
BRDA:209,42,1,12
BRDA:209,43,0,33
BRDA:209,43,1,27
BRDA:220,44,0,17
BRDA:220,44,1,4
BRDA:220,45,0,21
BRDA:220,45,1,16
BRDA:238,46,0,2
BRDA:238,46,1,2
BRDA:253,47,0,2
BRDA:253,47,1,3
BRDA:257,48,0,0
BRDA:257,48,1,10
BRDA:259,49,0,7
BRDA:259,49,1,0
BRDA:260,50,0,7
BRDA:260,50,1,0
BRDA:264,51,0,7
BRDA:264,51,1,27
BRDA:264,52,0,34
BRDA:264,52,1,34
BRDA:270,53,0,1
BRDA:270,53,1,2
BRDA:275,54,0,0
BRDA:275,54,1,4
BRDA:284,55,0,0
BRDA:284,55,1,2
BRDA:293,56,0,0
BRDA:293,56,1,2
BRDA:298,57,0,2
BRDA:298,57,1,2
BRDA:302,58,0,0
BRDA:302,58,1,2
BRDA:326,59,0,2
BRDA:326,59,1,2
BRDA:326,60,0,4
BRDA:326,60,1,4
BRDA:326,60,2,3
BRDA:338,61,0,1
BRDA:338,61,1,1
BRDA:339,62,0,4
BRDA:339,62,1,0
BRDA:342,63,0,0
BRDA:342,63,1,1
BRDA:344,64,0,0
BRDA:344,64,1,1
BRDA:345,65,0,0
BRDA:345,65,1,1
BRDA:347,66,0,0
BRDA:347,66,1,1
BRDA:348,67,0,1
BRDA:348,67,1,0
BRF:138
BRH:117
end_of_record
TN:
SF:src/model/png16.ts
FN:16,decodeGray16Png
FN:23,assertPngSignature
FN:35,readChunks
FN:59,readHeader
FN:71,unfilter
FN:94,applyFilter
FN:122,paeth
FN:131,concat
FN:132,(anonymous_8)
FN:147,inflate
FN:149,start
FNF:11
FNH:11
FNDA:7,decodeGray16Png
FNDA:7,assertPngSignature
FNDA:6,readChunks
FNDA:6,readHeader
FNDA:5,unfilter
FNDA:10245,applyFilter
FNDA:3524280,paeth
FNDA:11,concat
FNDA:2580,(anonymous_8)
FNDA:6,inflate
FNDA:6,start
DA:13,5
DA:14,5
DA:17,7
DA:18,7
DA:19,7
DA:20,5
DA:24,7
DA:25,49
DA:36,6
DA:37,6
DA:38,6
DA:39,6
DA:40,6
DA:42,6
DA:43,41
DA:44,41
DA:45,41
DA:46,6
DA:47,35
DA:48,15
DA:49,20
DA:50,5
DA:52,36
DA:55,6
DA:56,6
DA:60,6
DA:61,6
DA:62,6
DA:63,6
DA:64,0
DA:66,6
DA:67,6
DA:72,5
DA:73,5
DA:75,5
DA:76,5
DA:77,5
DA:79,5
DA:80,10245
DA:81,10245
DA:82,10245
DA:83,10245
DA:85,10245
DA:86,20992005
DA:88,10245
DA:90,5
DA:95,10245
DA:97,0
DA:99,20480
DA:100,5
DA:102,38439240
DA:103,9380
DA:105,0
DA:106,0
DA:107,0
DA:109,0
DA:111,860
DA:112,3524280
DA:113,3524280
DA:114,3524280
DA:116,860
DA:118,0
DA:123,3524280
DA:124,3524280
DA:125,3524280
DA:126,3524280
DA:127,3524280
DA:128,6635
DA:132,2580
DA:133,11
DA:134,11
DA:135,11
DA:136,2580
DA:137,2580
DA:139,11
DA:148,6
DA:150,6
DA:151,6
DA:155,6
DA:158,6
DA:160,6
DA:161,6
DA:162,2571
DA:163,2570
DA:164,2565
DA:166,5
LF:86
LH:79
BRDA:25,0,0,1
BRDA:25,0,1,48
BRDA:45,1,0,6
BRDA:45,1,1,35
BRDA:47,2,0,15
BRDA:47,2,1,20
BRDA:49,3,0,5
BRDA:49,3,1,15
BRDA:55,4,0,0
BRDA:55,4,1,6
BRDA:55,5,0,6
BRDA:55,5,1,6
BRDA:63,6,0,0
BRDA:63,6,1,6
BRDA:63,7,0,6
BRDA:63,7,1,6
BRDA:66,8,0,0
BRDA:66,8,1,6
BRDA:73,9,0,0
BRDA:73,9,1,5
BRDA:95,10,0,0
BRDA:95,10,1,5
BRDA:95,10,2,9380
BRDA:95,10,3,0
BRDA:95,10,4,860
BRDA:95,10,5,0
BRDA:106,11,0,0
BRDA:106,11,1,0
BRDA:112,12,0,3522560
BRDA:112,12,1,1720
BRDA:113,13,0,3522560
BRDA:113,13,1,1720
BRDA:127,14,0,3517645
BRDA:127,14,1,6635
BRDA:127,15,0,3524280
BRDA:127,15,1,3517705
BRDA:128,16,0,6575
BRDA:128,16,1,60
BRDA:163,17,0,5
BRDA:163,17,1,2565
BRF:40
BRH:31
end_of_record
TN:
SF:src/model/savegameXml.ts
FN:10,parseMapTitle
FN:20,parseWorldIcons
FN:33,iconLabel
FN:45,parseVector3
FN:48,(anonymous_4)
FNF:5
FNH:5
FNDA:3,parseMapTitle
FNDA:5,parseWorldIcons
FNDA:3,iconLabel
FNDA:6,parseVector3
FNDA:10,(anonymous_4)
DA:11,3
DA:12,3
DA:21,5
DA:22,5
DA:23,4
DA:24,4
DA:25,6
DA:26,6
DA:27,6
DA:28,3
DA:30,4
DA:34,3
DA:35,3
DA:36,3
DA:37,3
DA:46,6
DA:47,5
DA:48,10
DA:49,3
LF:19
LH:19
BRDA:12,0,0,2
BRDA:12,0,1,1
BRDA:22,1,0,1
BRDA:22,1,1,4
BRDA:25,2,0,4
BRDA:25,2,1,2
BRDA:27,3,0,3
BRDA:27,3,1,3
BRDA:35,4,0,0
BRDA:35,4,1,3
BRDA:36,5,0,3
BRDA:36,5,1,0
BRDA:38,6,0,3
BRDA:38,6,1,0
BRDA:46,7,0,1
BRDA:46,7,1,5
BRDA:48,8,0,2
BRDA:48,8,1,3
BRDA:48,9,0,5
BRDA:48,9,1,4
BRF:20
BRH:17
end_of_record
TN:
SF:src/model/terrain.ts
FN:22,createHeightfield
FN:30,heightAt
FN:44,(anonymous_2)
FN:55,heightRange
FNF:4
FNH:4
FNDA:8,createHeightfield
FNDA:8,heightAt
FNDA:20,(anonymous_2)
FNDA:6,heightRange
DA:10,5
DA:11,5
DA:23,8
DA:24,1
DA:26,7
DA:31,8
DA:32,8
DA:33,8
DA:34,8
DA:36,5
DA:37,5
DA:38,5
DA:39,5
DA:40,5
DA:41,5
DA:42,5
DA:44,20
DA:45,5
DA:46,5
DA:47,5
DA:56,6
DA:57,6
DA:58,6
DA:59,16793617
DA:60,16793617
DA:62,6
LF:26
LH:26
BRDA:23,0,0,1
BRDA:23,0,1,7
BRDA:23,1,0,8
BRDA:23,1,1,7
BRDA:34,2,0,3
BRDA:34,2,1,5
BRDA:34,3,0,8
BRDA:34,3,1,8
BRDA:34,3,2,8
BRDA:34,3,3,5
BRDA:59,4,0,18
BRDA:59,4,1,16793599
BRDA:60,5,0,36
BRDA:60,5,1,16793581
BRF:14
BRH:14
end_of_record
TN:
SF:src/model/terrainImage.ts
FN:26,renderTerrainImage
FN:57,hillshade
FN:58,(anonymous_2)
FN:69,elevationTint
FN:79,toCanvas
FNF:5
FNH:5
FNDA:6,renderTerrainImage
FNDA:12595215,hillshade
FNDA:37785645,(anonymous_2)
FNDA:12595207,elevationTint
FNDA:4,toCanvas
DA:18,5
DA:20,5
DA:21,5
DA:23,5
DA:24,5
DA:27,6
DA:28,6
DA:29,6
DA:31,6
DA:32,6
DA:33,6
DA:35,6
DA:37,6
DA:38,6153
DA:39,6153
DA:40,12595215
DA:41,12595215
DA:43,12595215
DA:47,12595215
DA:48,12595215
DA:49,12595215
DA:50,12595215
DA:51,12595215
DA:54,6
DA:58,37785645
DA:59,12595215
DA:60,12595215
DA:62,12595215
DA:63,12595215
DA:64,12595215
DA:65,12595215
DA:66,12595215
DA:70,12595207
DA:71,12595207
DA:80,4
DA:81,4
DA:82,4
DA:83,4
DA:84,4
DA:85,4
DA:86,4
LF:41
LH:41
BRDA:27,0,0,2
BRDA:27,0,1,4
BRDA:28,1,0,2
BRDA:28,1,1,4
BRDA:43,2,0,8
BRDA:43,2,1,12595207
BRDA:43,3,0,12595215
BRDA:43,3,1,8
BRDA:84,4,0,0
BRDA:84,4,1,4
BRF:10
BRH:9
end_of_record
TN:
SF:src/model/terrainTypes.ts
FN:20,parseTerrainTypeCache
FN:63,buildTypePalette
FN:68,(anonymous_2)
FN:71,(anonymous_3)
FN:78,countIndices
FN:85,groupConsecutive
FN:86,(anonymous_6)
FN:96,coverage
FN:97,(anonymous_8)
FNF:9
FNH:9
FNDA:7,parseTerrainTypeCache
FNDA:5,buildTypePalette
FNDA:10,(anonymous_2)
FNDA:13,(anonymous_3)
FNDA:5,countIndices
FNDA:5,groupConsecutive
FNDA:14,(anonymous_6)
FNDA:20,coverage
FNDA:22,(anonymous_8)
DA:11,5
DA:21,7
DA:22,6
DA:23,6
DA:24,6
DA:25,2
DA:27,4
DA:28,4
DA:29,1
DA:31,3
DA:32,3
DA:33,12
DA:35,3
DA:41,5
DA:64,5
DA:65,5
DA:68,10
DA:70,5
DA:71,5
DA:72,13
DA:73,15
DA:75,5
DA:79,5
DA:80,27
DA:81,5
DA:86,14
DA:87,5
DA:88,5
DA:89,15
DA:90,15
DA:91,13
DA:93,5
DA:97,22
LF:33
LH:33
BRDA:21,0,0,1
BRDA:21,0,1,6
BRDA:24,1,0,2
BRDA:24,1,1,4
BRDA:28,2,0,1
BRDA:28,2,1,3
BRDA:28,3,0,4
BRDA:28,3,1,4
BRDA:28,3,2,4
BRDA:80,4,0,27
BRDA:80,4,1,15
BRDA:90,5,0,2
BRDA:90,5,1,13
BRDA:90,6,0,15
BRDA:90,6,1,10
BRDA:97,7,0,22
BRDA:97,7,1,0
BRF:17
BRH:16
end_of_record
TN:
SF:src/model/types.ts
FN:58,emptyNetwork
FNF:1
FNH:1
FNDA:155,emptyNetwork
DA:2,13
DA:3,13
DA:4,13
DA:5,13
DA:59,155
LF:5
LH:5
BRF:0
BRH:0
end_of_record
TN:
SF:src/model/updates.ts
FN:28,compareVersions
FN:39,comparePrerelease
FN:54,compareIdentifier
FN:64,asNumber
FN:68,parseVersion
FN:72,(anonymous_5)
FN:85,pickLatest
FN:86,(anonymous_7)
FN:88,(anonymous_8)
FN:92,assetForPlatform
FN:94,(anonymous_10)
FNF:11
FNH:11
FNDA:16,compareVersions
FNDA:11,comparePrerelease
FNDA:9,compareIdentifier
FNDA:18,asNumber
FNDA:32,parseVersion
FNDA:92,(anonymous_5)
FNDA:4,pickLatest
FNDA:5,(anonymous_7)
FNDA:3,(anonymous_8)
FNDA:3,assetForPlatform
FNDA:5,(anonymous_10)
DA:29,16
DA:30,16
DA:32,16
DA:33,45
DA:35,11
DA:40,11
DA:41,7
DA:42,6
DA:44,6
DA:46,10
DA:47,9
DA:48,9
DA:49,9
DA:51,0
DA:55,9
DA:56,9
DA:58,9
DA:59,6
DA:60,5
DA:61,5
DA:65,18
DA:69,32
DA:70,32
DA:71,32
DA:72,32
DA:73,92
DA:74,92
DA:76,32
DA:77,32
DA:86,5
DA:87,4
DA:88,3
DA:93,3
DA:94,5
LF:34
LH:33
BRDA:33,0,0,5
BRDA:33,0,1,40
BRDA:40,1,0,4
BRDA:40,1,1,7
BRDA:40,2,0,11
BRDA:40,2,1,5
BRDA:41,3,0,1
BRDA:41,3,1,6
BRDA:42,4,0,0
BRDA:42,4,1,6
BRDA:46,5,0,1
BRDA:46,5,1,9
BRDA:47,6,0,0
BRDA:47,6,1,9
BRDA:49,7,0,5
BRDA:49,7,1,4
BRDA:58,8,0,3
BRDA:58,8,1,6
BRDA:58,9,0,9
BRDA:58,9,1,4
BRDA:59,10,0,1
BRDA:59,10,1,5
BRDA:60,11,0,0
BRDA:60,11,1,5
BRDA:61,12,0,4
BRDA:61,12,1,1
BRDA:61,13,0,1
BRDA:61,13,1,0
BRDA:65,14,0,7
BRDA:65,14,1,11
BRDA:71,15,0,15
BRDA:71,15,1,17
BRDA:74,16,0,92
BRDA:74,16,1,0
BRDA:86,17,0,2
BRDA:86,17,1,2
BRDA:86,18,0,5
BRDA:86,18,1,3
BRDA:87,19,0,2
BRDA:87,19,1,2
BRDA:93,20,0,1
BRDA:93,20,1,2
BRDA:93,21,0,1
BRDA:93,21,1,1
BRDA:94,22,0,3
BRDA:94,22,1,1
BRF:46
BRH:41
end_of_record
TN:
SF:src/model/xml.ts
FN:28,parseAutoDriveXml
FN:50,serializeAutoDriveXml
FN:58,(anonymous_2)
FN:59,(anonymous_3)
FN:68,readWaypoints
FN:103,(anonymous_5)
FN:104,(anonymous_6)
FN:108,readMarkers
FN:129,parseNumberList
FN:136,parseIdGroups
FN:149,(anonymous_10)
FN:150,(anonymous_11)
FN:158,documentFor
FN:166,writeWaypoints
FN:202,writeMarkers
FN:210,(anonymous_15)
FN:211,(anonymous_16)
FN:220,formatIdGroup
FN:221,(anonymous_18)
FN:221,(anonymous_19)
FN:225,formatCoord
FNF:21
FNH:21
FNDA:15,parseAutoDriveXml
FNDA:5,serializeAutoDriveXml
FNDA:24,(anonymous_2)
FNDA:29,(anonymous_3)
FNDA:13,readWaypoints
FNDA:65,(anonymous_5)
FNDA:54,(anonymous_6)
FNDA:12,readMarkers
FNDA:65,parseNumberList
FNDA:24,parseIdGroups
FNDA:119,(anonymous_10)
FNDA:119,(anonymous_11)
FNDA:5,documentFor
FNDA:5,writeWaypoints
FNDA:5,writeMarkers
FNDA:9,(anonymous_15)
FNDA:9,(anonymous_16)
FNDA:58,formatIdGroup
FNDA:52,(anonymous_18)
FNDA:52,(anonymous_19)
FNDA:87,formatCoord
DA:18,2
DA:20,2
DA:29,15
DA:30,15
DA:31,1
DA:34,13
DA:35,13
DA:36,15
DA:37,15
DA:39,15
DA:40,15
DA:41,15
DA:51,5
DA:52,5
DA:54,5
DA:55,5
DA:56,5
DA:58,24
DA:59,29
DA:61,5
DA:62,5
DA:63,5
DA:69,13
DA:70,13
DA:72,13
DA:73,13
DA:74,13
DA:75,13
DA:76,13
DA:77,13
DA:78,13
DA:79,1
DA:83,12
DA:84,12
DA:86,12
DA:87,66
DA:88,66
DA:97,66
DA:98,66
DA:102,12
DA:103,66
DA:104,66
DA:109,12
DA:110,12
DA:112,11
DA:113,21
DA:114,21
DA:115,21
DA:116,21
DA:117,21
DA:119,21
DA:124,21
DA:125,21
DA:130,65
DA:131,65
DA:132,63
DA:137,24
DA:138,24
DA:139,24
DA:140,24
DA:141,132
DA:142,132
DA:143,23
DA:144,23
DA:146,109
DA:149,119
DA:150,119
DA:153,132
DA:159,5
DA:160,4
DA:161,4
DA:163,2
DA:172,5
DA:182,5
DA:183,29
DA:184,29
DA:185,29
DA:186,29
DA:187,29
DA:188,29
DA:189,29
DA:192,5
DA:193,5
DA:194,5
DA:195,5
DA:196,5
DA:197,5
DA:198,5
DA:199,5
DA:208,5
DA:209,5
DA:210,9
DA:212,9
DA:213,9
DA:214,9
DA:215,9
DA:216,9
DA:221,58
DA:222,58
DA:226,87
LF:100
LH:100
BRDA:30,0,0,1
BRDA:30,0,1,14
BRDA:35,1,0,13
BRDA:35,1,1,2
BRDA:36,2,0,15
BRDA:36,2,1,2
BRDA:37,3,0,15
BRDA:37,3,1,2
BRDA:54,4,0,5
BRDA:54,4,1,0
BRDA:55,5,0,5
BRDA:55,5,1,0
BRDA:56,6,0,5
BRDA:56,6,1,0
BRDA:70,7,0,0
BRDA:70,7,1,13
BRDA:78,8,0,1
BRDA:78,8,1,12
BRDA:78,9,0,13
BRDA:78,9,1,12
BRDA:87,10,0,66
BRDA:87,10,1,0
BRDA:95,11,0,66
BRDA:95,11,1,0
BRDA:110,12,0,1
BRDA:110,12,1,11
BRDA:113,13,0,0
BRDA:113,13,1,21
BRDA:115,14,0,0
BRDA:115,14,1,21
BRDA:117,15,0,0
BRDA:117,15,1,21
BRDA:121,16,0,21
BRDA:121,16,1,0
BRDA:122,17,0,21
BRDA:122,17,1,0
BRDA:125,18,0,11
BRDA:125,18,1,10
BRDA:131,19,0,2
BRDA:131,19,1,63
BRDA:138,20,0,24
BRDA:138,20,1,0
BRDA:142,21,0,23
BRDA:142,21,1,109
BRDA:142,22,0,132
BRDA:142,22,1,132
BRDA:150,23,0,119
BRDA:150,23,1,119
BRDA:159,24,0,4
BRDA:159,24,1,1
BRDA:161,25,0,3
BRDA:161,25,1,1
BRDA:161,26,0,4
BRDA:161,26,1,3
BRDA:222,27,0,48
BRDA:222,27,1,10
BRF:56
BRH:44
end_of_record
TN:
SF:src/model/xmlDom.ts
FN:4,parseXml
FN:10,parseXmlOrThrow
FN:17,textOf
FN:22,childElement
FN:30,childText
FN:36,setChildText
FN:47,replaceChild
FN:56,serializeXml
FNF:8
FNH:8
FNDA:8,parseXml
FNDA:15,parseXmlOrThrow
FNDA:2,textOf
FNDA:293,childElement
FNDA:191,childText
FNDA:77,setChildText
FNDA:10,replaceChild
FNDA:5,serializeXml
DA:5,8
DA:6,8
DA:11,15
DA:12,15
DA:13,15
DA:14,14
DA:18,2
DA:23,293
DA:24,894
DA:26,77
DA:31,191
DA:32,191
DA:37,77
DA:38,77
DA:39,68
DA:40,68
DA:42,77
DA:43,77
DA:48,10
DA:49,62
DA:51,10
DA:52,10
DA:53,10
DA:57,5
DA:58,5
DA:59,5
LF:26
LH:26
BRDA:6,0,0,2
BRDA:6,0,1,6
BRDA:13,1,0,1
BRDA:13,1,1,14
BRDA:18,2,0,2
BRDA:18,2,1,0
BRDA:24,3,0,216
BRDA:24,3,1,678
BRDA:32,4,0,183
BRDA:32,4,1,8
BRDA:38,5,0,68
BRDA:38,5,1,9
BRDA:49,6,0,6
BRDA:49,6,1,56
BRDA:59,7,0,0
BRDA:59,7,1,5
BRF:16
BRH:14
end_of_record
TN:
SF:src/state/actions.ts
FN:29,heightAt
FN:34,addNode
FN:36,(anonymous_2)
FN:48,connectOrCycle
FN:49,(anonymous_4)
FN:63,connectNodes
FN:64,(anonymous_6)
FN:70,disconnectNodes
FN:71,(anonymous_8)
FN:78,gridRoute
FN:79,(anonymous_10)
FN:91,insertMidpointBetween
FN:92,(anonymous_12)
FN:99,createSmoothCurve
FN:100,(anonymous_14)
FN:107,spaceSelectionEvenly
FN:108,(anonymous_16)
FN:128,requestDeleteSelection
FN:139,(anonymous_18)
FN:146,(anonymous_19)
FN:153,describeImpact
FN:164,deleteSelection
FN:169,(anonymous_22)
FN:177,(anonymous_23)
FN:181,setSelectionFlag
FN:182,(anonymous_25)
FN:185,stampBlueprintAt
FN:188,(anonymous_27)
FN:203,applyPositions
FN:204,(anonymous_29)
FN:219,commitMove
FN:221,(anonymous_31)
FN:233,selectAll
FN:234,(anonymous_33)
FN:237,setSelection
FN:238,(anonymous_35)
FN:244,toggleSelection
FN:245,(anonymous_37)
FN:254,cancelCurrentInteraction
FN:255,(anonymous_39)
FN:267,focusOnWaypoint
FN:268,(anonymous_41)
FNF:42
FNH:38
FNDA:32,heightAt
FNDA:31,addNode
FNDA:31,(anonymous_2)
FNDA:8,connectOrCycle
FNDA:8,(anonymous_4)
FNDA:0,connectNodes
FNDA:0,(anonymous_6)
FNDA:1,disconnectNodes
FNDA:1,(anonymous_8)
FNDA:1,gridRoute
FNDA:1,(anonymous_10)
FNDA:2,insertMidpointBetween
FNDA:2,(anonymous_12)
FNDA:0,createSmoothCurve
FNDA:0,(anonymous_14)
FNDA:2,spaceSelectionEvenly
FNDA:2,(anonymous_16)
FNDA:7,requestDeleteSelection
FNDA:3,(anonymous_18)
FNDA:2,(anonymous_19)
FNDA:3,describeImpact
FNDA:7,deleteSelection
FNDA:6,(anonymous_22)
FNDA:1,(anonymous_23)
FNDA:2,setSelectionFlag
FNDA:2,(anonymous_25)
FNDA:2,stampBlueprintAt
FNDA:1,(anonymous_27)
FNDA:1,applyPositions
FNDA:1,(anonymous_29)
FNDA:1,commitMove
FNDA:1,(anonymous_31)
FNDA:8,selectAll
FNDA:8,(anonymous_33)
FNDA:1,setSelection
FNDA:1,(anonymous_35)
FNDA:1,toggleSelection
FNDA:1,(anonymous_37)
FNDA:4,cancelCurrentInteraction
FNDA:4,(anonymous_39)
FNDA:2,focusOnWaypoint
FNDA:2,(anonymous_41)
DA:30,32
DA:31,32
DA:35,31
DA:36,31
DA:37,31
DA:38,31
DA:39,31
DA:40,4
DA:42,31
DA:44,31
DA:49,8
DA:50,8
DA:51,5
DA:52,5
DA:53,5
DA:57,3
DA:58,3
DA:64,0
DA:65,0
DA:66,0
DA:71,1
DA:72,1
DA:73,1
DA:79,1
DA:80,1
DA:87,1
DA:92,2
DA:93,2
DA:94,2
DA:95,2
DA:100,0
DA:101,0
DA:102,0
DA:108,2
DA:109,2
DA:110,2
DA:111,1
DA:112,1
DA:114,1
DA:115,1
DA:120,3
DA:121,3
DA:129,7
DA:130,7
DA:132,6
DA:133,6
DA:134,3
DA:135,3
DA:138,3
DA:139,3
DA:140,3
DA:147,2
DA:148,2
DA:154,3
DA:155,3
DA:156,1
DA:158,3
DA:159,1
DA:161,3
DA:165,7
DA:166,7
DA:167,6
DA:169,6
DA:170,6
DA:171,6
DA:172,6
DA:173,6
DA:175,6
DA:177,1
DA:182,2
DA:186,2
DA:187,2
DA:188,1
DA:189,1
DA:195,1
DA:196,1
DA:204,1
DA:205,1
DA:206,1
DA:207,1
DA:208,1
DA:209,1
DA:220,1
DA:221,1
DA:222,1
DA:223,1
DA:224,1
DA:225,1
DA:226,1
DA:229,1
DA:234,8
DA:238,1
DA:239,1
DA:240,1
DA:245,1
DA:246,1
DA:247,1
DA:248,0
DA:249,1
DA:255,4
DA:256,4
DA:257,1
DA:258,1
DA:259,3
DA:260,1
DA:262,2
DA:268,2
DA:269,2
DA:270,2
DA:271,1
DA:272,1
LF:111
LH:104
BRDA:31,0,0,0
BRDA:31,0,1,32
BRDA:39,1,0,4
BRDA:39,1,1,27
BRDA:39,2,0,31
BRDA:39,2,1,5
BRDA:50,3,0,5
BRDA:50,3,1,3
BRDA:53,4,0,4
BRDA:53,4,1,1
BRDA:94,5,0,1
BRDA:94,5,1,1
BRDA:95,6,0,1
BRDA:95,6,1,1
BRDA:103,7,0,0
BRDA:103,7,1,0
BRDA:110,8,0,1
BRDA:110,8,1,1
BRDA:130,9,0,1
BRDA:130,9,1,6
BRDA:133,10,0,3
BRDA:133,10,1,3
BRDA:155,11,0,1
BRDA:155,11,1,2
BRDA:158,12,0,1
BRDA:158,12,1,2
BRDA:159,13,0,0
BRDA:159,13,1,1
BRDA:166,14,0,1
BRDA:166,14,1,6
BRDA:187,15,0,1
BRDA:187,15,1,1
BRDA:207,16,0,1
BRDA:207,16,1,0
BRDA:224,17,0,1
BRDA:224,17,1,0
BRDA:240,18,0,1
BRDA:240,18,1,0
BRDA:247,19,0,1
BRDA:247,19,1,0
BRDA:256,20,0,1
BRDA:256,20,1,3
BRDA:259,21,0,1
BRDA:259,21,1,2
BRDA:270,22,0,1
BRDA:270,22,1,1
BRF:46
BRH:38
end_of_record
TN:
SF:src/state/blueprintSession.ts
FN:13,enterBlueprintEditor
FN:28,(anonymous_1)
FN:43,saveBlueprintEditor
FN:48,(anonymous_3)
FN:54,(anonymous_4)
FN:59,(anonymous_5)
FN:69,discardBlueprintEditor
FN:73,exitBlueprintEditor
FN:77,(anonymous_8)
FNF:9
FNH:9
FNDA:13,enterBlueprintEditor
FNDA:11,(anonymous_1)
FNDA:8,saveBlueprintEditor
FNDA:1,(anonymous_3)
FNDA:6,(anonymous_4)
FNDA:1,(anonymous_5)
FNDA:3,discardBlueprintEditor
FNDA:6,exitBlueprintEditor
FNDA:5,(anonymous_8)
DA:14,13
DA:15,13
DA:16,12
DA:17,13
DA:18,11
DA:28,11
DA:29,11
DA:30,11
DA:31,11
DA:32,11
DA:33,11
DA:34,11
DA:35,11
DA:36,11
DA:44,8
DA:45,8
DA:46,8
DA:47,7
DA:48,1
DA:49,1
DA:51,6
DA:52,8
DA:53,8
DA:54,6
DA:55,6
DA:56,5
DA:57,5
DA:59,1
DA:60,1
DA:62,6
DA:64,6
DA:65,6
DA:66,6
DA:70,3
DA:74,6
DA:75,6
DA:76,5
DA:77,5
DA:78,5
DA:79,5
DA:80,5
DA:81,5
DA:82,5
DA:83,5
DA:84,5
DA:85,5
DA:86,5
DA:87,5
DA:88,5
DA:90,5
LF:50
LH:50
BRDA:15,0,0,1
BRDA:15,0,1,12
BRDA:16,1,0,2
BRDA:16,1,1,10
BRDA:17,2,0,1
BRDA:17,2,1,12
BRDA:17,3,0,13
BRDA:17,3,1,2
BRDA:29,4,0,11
BRDA:29,4,1,10
BRDA:30,5,0,1
BRDA:30,5,1,10
BRDA:34,6,0,1
BRDA:34,6,1,10
BRDA:36,7,0,1
BRDA:36,7,1,10
BRDA:46,8,0,1
BRDA:46,8,1,7
BRDA:47,9,0,1
BRDA:47,9,1,6
BRDA:51,10,0,6
BRDA:51,10,1,1
BRDA:53,11,0,0
BRDA:53,11,1,8
BRDA:55,12,0,5
BRDA:55,12,1,1
BRDA:59,13,0,1
BRDA:59,13,1,0
BRDA:65,14,0,3
BRDA:65,14,1,3
BRDA:75,15,0,1
BRDA:75,15,1,5
BRF:32
BRH:30
end_of_record
TN:
SF:src/state/feedback.ts
FN:17,showToast
FN:30,(anonymous_1)
FN:34,dismissToast
FN:35,(anonymous_3)
FN:35,(anonymous_4)
FN:42,confirmAction
FN:47,(anonymous_6)
FN:50,closeDialog
FN:51,(anonymous_8)
FN:57,suppressConfirmation
FN:58,(anonymous_10)
FN:61,setShortcutsOpen
FN:62,(anonymous_12)
FNF:13
FNH:13
FNDA:9,showToast
FNDA:9,(anonymous_1)
FNDA:1,dismissToast
FNDA:1,(anonymous_3)
FNDA:1,(anonymous_4)
FNDA:5,confirmAction
FNDA:3,(anonymous_6)
FNDA:4,closeDialog
FNDA:4,(anonymous_8)
FNDA:2,suppressConfirmation
FNDA:2,(anonymous_10)
FNDA:2,setShortcutsOpen
FNDA:2,(anonymous_12)
DA:12,4
DA:13,4
DA:15,4
DA:22,9
DA:30,9
DA:31,9
DA:35,1
DA:43,5
DA:44,2
DA:45,2
DA:47,3
DA:51,4
DA:52,4
DA:53,4
DA:58,2
DA:62,2
LF:16
LH:16
BRDA:20,0,0,9
BRDA:28,1,0,7
BRDA:28,1,1,2
BRDA:43,2,0,2
BRDA:43,2,1,3
BRDA:43,3,0,5
BRDA:43,3,1,4
BRF:7
BRH:7
end_of_record
TN:
SF:src/state/store.ts
FN:103,cloneNetwork
FN:106,(anonymous_1)
FN:111,(anonymous_2)
FN:155,(anonymous_3)
FN:157,(anonymous_4)
FN:160,(anonymous_5)
FN:162,notify
FN:168,mutate
FN:181,update
FN:186,undo
FN:196,redo
FN:206,clearHistory
FN:212,takeHistory
FN:219,restoreHistory
FN:224,snap
FN:261,bridge
FNF:16
FNH:14
FNDA:70,cloneNetwork
FNDA:76,(anonymous_1)
FNDA:0,(anonymous_2)
FNDA:1,(anonymous_3)
FNDA:1,(anonymous_4)
FNDA:10,(anonymous_5)
FNDA:262,notify
FNDA:70,mutate
FNDA:181,update
FNDA:11,undo
FNDA:5,redo
FNDA:65,clearHistory
FNDA:12,takeHistory
FNDA:6,restoreHistory
FNDA:5,snap
FNDA:0,bridge
DA:104,70
DA:106,76
DA:111,0
DA:120,7
DA:123,7
DA:150,7
DA:151,7
DA:152,7
DA:153,7
DA:155,1
DA:156,1
DA:157,1
DA:160,10
DA:163,262
DA:164,262
DA:169,70
DA:173,70
DA:174,70
DA:175,70
DA:176,70
DA:177,70
DA:182,181
DA:183,181
DA:187,11
DA:188,11
DA:189,8
DA:190,8
DA:191,8
DA:192,8
DA:193,8
DA:197,5
DA:198,5
DA:199,3
DA:200,3
DA:201,3
DA:202,3
DA:203,3
DA:207,65
DA:208,65
DA:213,12
DA:214,12
DA:215,12
DA:216,12
DA:220,6
DA:221,6
DA:225,5
DA:226,5
DA:227,3
DA:231,7
DA:262,0
LF:50
LH:48
BRDA:173,0,0,0
BRDA:173,0,1,70
BRDA:188,1,0,3
BRDA:188,1,1,8
BRDA:198,2,0,2
BRDA:198,2,1,3
BRDA:226,3,0,2
BRDA:226,3,1,3
BRDA:226,4,0,5
BRDA:226,4,1,4
BRDA:262,5,0,0
BRDA:262,5,1,0
BRF:12
BRH:9
end_of_record
TN:
SF:src/state/useStore.ts
FN:5,useStore
FNF:1
FNH:0
FNDA:0,useStore
DA:6,0
DA:7,0
LF:2
LH:0
BRF:0
BRH:0
end_of_record
